{"meta": {"format": 3, "version": "7.11.0", "timestamp": "2025-10-24T17:40:55.193954", "branch_coverage": false, "show_contexts": false}, "files": {"backend\\api\\app.py": {"executed_lines": [1, 2, 4, 5, 7, 8, 9, 10, 11, 12, 15, 16, 18, 24, 25, 84, 88, 96, 98, 100, 109, 110, 111, 112, 113, 115, 116, 117, 118, 121, 122, 131, 132, 138, 144, 150, 158, 165, 172, 179, 186, 187, 191, 192, 196, 197, 202, 203, 207, 208, 212, 213, 217, 218, 223, 224], "summary": {"covered_lines": 56, "num_statements": 152, "percent_covered": 36.8421052631579, "percent_covered_display": "37", "missing_lines": 96, "excluded_lines": 0}, "missing_lines": [19, 20, 21, 27, 28, 29, 31, 33, 34, 35, 36, 37, 38, 40, 41, 42, 43, 44, 45, 46, 48, 54, 55, 58, 59, 60, 61, 62, 63, 64, 65, 67, 69, 72, 73, 74, 75, 76, 78, 79, 80, 81, 101, 102, 104, 105, 106, 107, 159, 160, 161, 162, 166, 167, 168, 169, 173, 174, 175, 176, 180, 181, 182, 183, 188, 193, 199, 204, 209, 214, 219, 230, 231, 233, 235, 236, 237, 238, 239, 240, 241, 242, 243, 244, 245, 246, 247, 249, 250, 251, 252, 253, 254, 264, 265, 266], "excluded_lines": [], "functions": {"lifespan": {"executed_lines": [], "summary": {"covered_lines": 0, "num_statements": 39, "percent_covered": 0.0, "percent_covered_display": "0", "missing_lines": 39, "excluded_lines": 0}, "missing_lines": [27, 28, 29, 31, 33, 34, 35, 36, 37, 38, 40, 41, 42, 43, 44, 45, 46, 48, 54, 55, 58, 59, 60, 61, 62, 63, 64, 65, 67, 69, 72, 73, 74, 75, 76, 78, 79, 80, 81], "excluded_lines": []}, "metrics_inc_upserts": {"executed_lines": [], "summary": {"covered_lines": 0, "num_statements": 4, "percent_covered": 0.0, "percent_covered_display": "0", "missing_lines": 4, "excluded_lines": 0}, "missing_lines": [159, 160, 161, 162], "excluded_lines": []}, "metrics_inc_pages": {"executed_lines": [], "summary": {"covered_lines": 0, "num_statements": 4, "percent_covered": 0.0, "percent_covered_display": "0", "missing_lines": 4, "excluded_lines": 0}, "missing_lines": [166, 167, 168, 169], "excluded_lines": []}, "metrics_observe_duration": {"executed_lines": [], "summary": {"covered_lines": 0, "num_statements": 4, "percent_covered": 0.0, "percent_covered_display": "0", "missing_lines": 4, "excluded_lines": 0}, "missing_lines": [173, 174, 175, 176], "excluded_lines": []}, "metrics_inc_run_status": {"executed_lines": [], "summary": {"covered_lines": 0, "num_statements": 4, "percent_covered": 0.0, "percent_covered_display": "0", "missing_lines": 4, "excluded_lines": 0}, "missing_lines": [180, 181, 182, 183], "excluded_lines": []}, "metrics": {"executed_lines": [], "summary": {"covered_lines": 0, "num_statements": 1, "percent_covered": 0.0, "percent_covered_display": "0", "missing_lines": 1, "excluded_lines": 0}, "missing_lines": [188], "excluded_lines": []}, "healthz": {"executed_lines": [], "summary": {"covered_lines": 0, "num_statements": 1, "percent_covered": 0.0, "percent_covered_display": "0", "missing_lines": 1, "excluded_lines": 0}, "missing_lines": [193], "excluded_lines": []}, "readyz": {"executed_lines": [], "summary": {"covered_lines": 0, "num_statements": 1, "percent_covered": 0.0, "percent_covered_display": "0", "missing_lines": 1, "excluded_lines": 0}, "missing_lines": [199], "excluded_lines": []}, "livez": {"executed_lines": [], "summary": {"covered_lines": 0, "num_statements": 1, "percent_covered": 0.0, "percent_covered_display": "0", "missing_lines": 1, "excluded_lines": 0}, "missing_lines": [204], "excluded_lines": []}, "healthz_v1": {"executed_lines": [], "summary": {"covered_lines": 0, "num_statements": 1, "percent_covered": 0.0, "percent_covered_display": "0", "missing_lines": 1, "excluded_lines": 0}, "missing_lines": [209], "excluded_lines": []}, "readyz_v1": {"executed_lines": [], "summary": {"covered_lines": 0, "num_statements": 1, "percent_covered": 0.0, "percent_covered_display": "0", "missing_lines": 1, "excluded_lines": 0}, "missing_lines": [214], "excluded_lines": []}, "livez_v1": {"executed_lines": [], "summary": {"covered_lines": 0, "num_statements": 1, "percent_covered": 0.0, "percent_covered_display": "0", "missing_lines": 1, "excluded_lines": 0}, "missing_lines": [219], "excluded_lines": []}, "exchangez": {"executed_lines": [], "summary": {"covered_lines": 0, "num_statements": 25, "percent_covered": 0.0, "percent_covered_display": "0", "missing_lines": 25, "excluded_lines": 0}, "missing_lines": [230, 231, 233, 235, 236, 237, 238, 239, 240, 241, 242, 243, 244, 245, 246, 247, 249, 250, 251, 252, 253, 254, 264, 265, 266], "excluded_lines": []}, "": {"executed_lines": [1, 2, 4, 5, 7, 8, 9, 10, 11, 12, 15, 16, 18, 24, 25, 84, 88, 96, 98, 100, 109, 110, 111, 112, 113, 115, 116, 117, 118, 121, 122, 131, 132, 138, 144, 150, 158, 165, 172, 179, 186, 187, 191, 192, 196, 197, 202, 203, 207, 208, 212, 213, 217, 218, 223, 224], "summary": {"covered_lines": 56, "num_statements": 65, "percent_covered": 86.15384615384616, "percent_covered_display": "86", "missing_lines": 9, "excluded_lines": 0}, "missing_lines": [19, 20, 21, 101, 102, 104, 105, 106, 107], "excluded_lines": []}}, "classes": {"": {"executed_lines": [1, 2, 4, 5, 7, 8, 9, 10, 11, 12, 15, 16, 18, 24, 25, 84, 88, 96, 98, 100, 109, 110, 111, 112, 113, 115, 116, 117, 118, 121, 122, 131, 132, 138, 144, 150, 158, 165, 172, 179, 186, 187, 191, 192, 196, 197, 202, 203, 207, 208, 212, 213, 217, 218, 223, 224], "summary": {"covered_lines": 56, "num_statements": 152, "percent_covered": 36.8421052631579, "percent_covered_display": "37", "missing_lines": 96, "excluded_lines": 0}, "missing_lines": [19, 20, 21, 27, 28, 29, 31, 33, 34, 35, 36, 37, 38, 40, 41, 42, 43, 44, 45, 46, 48, 54, 55, 58, 59, 60, 61, 62, 63, 64, 65, 67, 69, 72, 73, 74, 75, 76, 78, 79, 80, 81, 101, 102, 104, 105, 106, 107, 159, 160, 161, 162, 166, 167, 168, 169, 173, 174, 175, 176, 180, 181, 182, 183, 188, 193, 199, 204, 209, 214, 219, 230, 231, 233, 235, 236, 237, 238, 239, 240, 241, 242, 243, 244, 245, 246, 247, 249, 250, 251, 252, 253, 254, 264, 265, 266], "excluded_lines": []}}}, "backend\\api\\routers\\__init__.py": {"executed_lines": [1, 2, 4], "summary": {"covered_lines": 3, "num_statements": 3, "percent_covered": 100.0, "percent_covered_display": "100", "missing_lines": 0, "excluded_lines": 0}, "missing_lines": [], "excluded_lines": [], "functions": {"": {"executed_lines": [1, 2, 4], "summary": {"covered_lines": 3, "num_statements": 3, "percent_covered": 100.0, "percent_covered_display": "100", "missing_lines": 0, "excluded_lines": 0}, "missing_lines": [], "excluded_lines": []}}, "classes": {"": {"executed_lines": [1, 2, 4], "summary": {"covered_lines": 3, "num_statements": 3, "percent_covered": 100.0, "percent_covered_display": "100", "missing_lines": 0, "excluded_lines": 0}, "missing_lines": [], "excluded_lines": []}}}, "backend\\api\\routers\\active_deals.py": {"executed_lines": [1, 3, 4, 6, 9, 10, 11, 12, 13, 14, 15, 16, 17, 18, 19, 22, 23, 24, 27, 30, 31, 32, 33, 34, 60, 61, 64, 65, 69, 70, 71, 72, 73, 76, 77, 78, 79, 82, 83, 84, 86, 89, 90, 91, 92, 94, 95, 98, 99, 100, 101, 103, 104, 105, 106, 109, 110], "summary": {"covered_lines": 44, "num_statements": 49, "percent_covered": 89.79591836734694, "percent_covered_display": "90", "missing_lines": 5, "excluded_lines": 0}, "missing_lines": [85, 111, 112, 114, 115], "excluded_lines": [], "functions": {"_seed": {"executed_lines": [31, 32, 33, 34, 60, 61], "summary": {"covered_lines": 6, "num_statements": 6, "percent_covered": 100.0, "percent_covered_display": "100", "missing_lines": 0, "excluded_lines": 0}, "missing_lines": [], "excluded_lines": []}, "list_active_deals": {"executed_lines": [69, 70, 71, 72, 73], "summary": {"covered_lines": 5, "num_statements": 5, "percent_covered": 100.0, "percent_covered_display": "100", "missing_lines": 0, "excluded_lines": 0}, "missing_lines": [], "excluded_lines": []}, "_get_deal_or_404": {"executed_lines": [83, 84, 86], "summary": {"covered_lines": 3, "num_statements": 4, "percent_covered": 75.0, "percent_covered_display": "75", "missing_lines": 1, "excluded_lines": 0}, "missing_lines": [85], "excluded_lines": []}, "close_deal": {"executed_lines": [91, 92, 94, 95], "summary": {"covered_lines": 4, "num_statements": 4, "percent_covered": 100.0, "percent_covered_display": "100", "missing_lines": 0, "excluded_lines": 0}, "missing_lines": [], "excluded_lines": []}, "average_deal": {"executed_lines": [100, 101, 103, 104, 105, 106], "summary": {"covered_lines": 6, "num_statements": 6, "percent_covered": 100.0, "percent_covered_display": "100", "missing_lines": 0, "excluded_lines": 0}, "missing_lines": [], "excluded_lines": []}, "cancel_deal": {"executed_lines": [], "summary": {"covered_lines": 0, "num_statements": 4, "percent_covered": 0.0, "percent_covered_display": "0", "missing_lines": 4, "excluded_lines": 0}, "missing_lines": [111, 112, 114, 115], "excluded_lines": []}, "": {"executed_lines": [1, 3, 4, 6, 9, 10, 11, 12, 13, 14, 15, 16, 17, 18, 19, 22, 23, 24, 27, 30, 64, 65, 76, 77, 78, 79, 82, 89, 90, 98, 99, 109, 110], "summary": {"covered_lines": 20, "num_statements": 20, "percent_covered": 100.0, "percent_covered_display": "100", "missing_lines": 0, "excluded_lines": 0}, "missing_lines": [], "excluded_lines": []}}, "classes": {"ActiveDeal": {"executed_lines": [], "summary": {"covered_lines": 0, "num_statements": 0, "percent_covered": 100.0, "percent_covered_display": "100", "missing_lines": 0, "excluded_lines": 0}, "missing_lines": [], "excluded_lines": []}, "DealsListResponse": {"executed_lines": [], "summary": {"covered_lines": 0, "num_statements": 0, "percent_covered": 100.0, "percent_covered_display": "100", "missing_lines": 0, "excluded_lines": 0}, "missing_lines": [], "excluded_lines": []}, "ActionResponse": {"executed_lines": [], "summary": {"covered_lines": 0, "num_statements": 0, "percent_covered": 100.0, "percent_covered_display": "100", "missing_lines": 0, "excluded_lines": 0}, "missing_lines": [], "excluded_lines": []}, "": {"executed_lines": [1, 3, 4, 6, 9, 10, 11, 12, 13, 14, 15, 16, 17, 18, 19, 22, 23, 24, 27, 30, 31, 32, 33, 34, 60, 61, 64, 65, 69, 70, 71, 72, 73, 76, 77, 78, 79, 82, 83, 84, 86, 89, 90, 91, 92, 94, 95, 98, 99, 100, 101, 103, 104, 105, 106, 109, 110], "summary": {"covered_lines": 44, "num_statements": 49, "percent_covered": 89.79591836734694, "percent_covered_display": "90", "missing_lines": 5, "excluded_lines": 0}, "missing_lines": [85, 111, 112, 114, 115], "excluded_lines": []}}}, "backend\\api\\routers\\admin.py": {"executed_lines": [1, 2, 3, 4, 5, 6, 8, 11, 12, 13, 14, 16, 17, 19, 22, 33, 36, 37, 38, 39, 40, 41, 42, 43, 44, 47, 48, 49, 52, 53, 54, 55, 58, 59, 60, 63, 76, 90, 91, 256, 257, 299, 300, 320, 321, 341, 342, 347, 348, 389, 390, 421, 422, 457, 458, 491, 492, 495, 496, 521, 522, 523, 524, 525, 528, 529, 553, 554, 574, 575, 576, 577, 578, 581, 582], "summary": {"covered_lines": 69, "num_statements": 298, "percent_covered": 23.154362416107382, "percent_covered_display": "23", "missing_lines": 229, "excluded_lines": 0}, "missing_lines": [24, 25, 26, 27, 28, 29, 30, 64, 65, 66, 67, 68, 69, 70, 71, 72, 73, 92, 94, 96, 99, 100, 102, 103, 104, 105, 106, 108, 109, 110, 112, 118, 119, 120, 121, 123, 125, 135, 137, 138, 139, 141, 142, 143, 144, 145, 147, 148, 149, 259, 260, 261, 262, 263, 264, 265, 267, 268, 269, 271, 278, 279, 280, 283, 284, 286, 287, 293, 294, 295, 296, 301, 302, 303, 305, 306, 307, 308, 310, 311, 313, 314, 315, 316, 317, 322, 323, 324, 325, 326, 327, 328, 329, 336, 337, 338, 349, 351, 352, 353, 354, 355, 356, 357, 358, 359, 360, 362, 363, 364, 365, 366, 368, 369, 370, 371, 372, 373, 374, 376, 377, 378, 379, 380, 381, 382, 383, 384, 385, 386, 392, 393, 394, 402, 403, 404, 405, 406, 407, 409, 410, 411, 412, 413, 414, 415, 416, 417, 418, 423, 424, 426, 427, 428, 429, 431, 432, 433, 435, 436, 454, 459, 460, 462, 463, 464, 465, 467, 468, 469, 471, 472, 473, 474, 488, 497, 499, 500, 501, 503, 504, 505, 506, 507, 509, 510, 511, 512, 513, 514, 515, 516, 518, 530, 532, 533, 534, 536, 541, 542, 543, 550, 555, 557, 558, 559, 561, 566, 567, 568, 569, 571, 589, 590, 592, 593, 594, 595, 596, 597, 598, 599, 600, 601, 602, 603, 604, 605, 606], "excluded_lines": [], "functions": {"_admin_auth": {"executed_lines": [], "summary": {"covered_lines": 0, "num_statements": 7, "percent_covered": 0.0, "percent_covered_display": "0", "missing_lines": 7, "excluded_lines": 0}, "missing_lines": [24, 25, 26, 27, 28, 29, 30], "excluded_lines": []}, "_check_allowlist": {"executed_lines": [], "summary": {"covered_lines": 0, "num_statements": 10, "percent_covered": 0.0, "percent_covered_display": "0", "missing_lines": 10, "excluded_lines": 0}, "missing_lines": [64, 65, 66, 67, 68, 69, 70, 71, 72, 73], "excluded_lines": []}, "trigger_backfill": {"executed_lines": [], "summary": {"covered_lines": 0, "num_statements": 32, "percent_covered": 0.0, "percent_covered_display": "0", "missing_lines": 32, "excluded_lines": 0}, "missing_lines": [92, 94, 96, 99, 100, 102, 103, 104, 105, 106, 108, 109, 110, 112, 118, 119, 120, 121, 123, 125, 135, 137, 138, 139, 141, 142, 143, 144, 145, 147, 148, 149], "excluded_lines": []}, "trigger_backfill._parse": {"executed_lines": [], "summary": {"covered_lines": 0, "num_statements": 0, "percent_covered": 100.0, "percent_covered_display": "100", "missing_lines": 0, "excluded_lines": 0}, "missing_lines": [], "excluded_lines": []}, "trigger_archive": {"executed_lines": [], "summary": {"covered_lines": 0, "num_statements": 22, "percent_covered": 0.0, "percent_covered_display": "0", "missing_lines": 22, "excluded_lines": 0}, "missing_lines": [259, 260, 261, 262, 263, 264, 265, 267, 268, 269, 271, 278, 279, 280, 283, 284, 286, 287, 293, 294, 295, 296], "excluded_lines": []}, "trigger_restore": {"executed_lines": [], "summary": {"covered_lines": 0, "num_statements": 14, "percent_covered": 0.0, "percent_covered_display": "0", "missing_lines": 14, "excluded_lines": 0}, "missing_lines": [301, 302, 303, 305, 306, 307, 308, 310, 311, 313, 314, 315, 316, 317], "excluded_lines": []}, "list_archives": {"executed_lines": [], "summary": {"covered_lines": 0, "num_statements": 11, "percent_covered": 0.0, "percent_covered_display": "0", "missing_lines": 11, "excluded_lines": 0}, "missing_lines": [322, 323, 324, 325, 326, 327, 328, 329, 336, 337, 338], "excluded_lines": []}, "delete_archive": {"executed_lines": [], "summary": {"covered_lines": 0, "num_statements": 34, "percent_covered": 0.0, "percent_covered_display": "0", "missing_lines": 34, "excluded_lines": 0}, "missing_lines": [349, 351, 352, 353, 354, 355, 356, 357, 358, 359, 360, 362, 363, 364, 365, 366, 368, 369, 370, 371, 372, 373, 374, 376, 377, 378, 379, 380, 381, 382, 383, 384, 385, 386], "excluded_lines": []}, "task_status": {"executed_lines": [], "summary": {"covered_lines": 0, "num_statements": 19, "percent_covered": 0.0, "percent_covered_display": "0", "missing_lines": 19, "excluded_lines": 0}, "missing_lines": [392, 393, 394, 402, 403, 404, 405, 406, 407, 409, 410, 411, 412, 413, 414, 415, 416, 417, 418], "excluded_lines": []}, "list_runs": {"executed_lines": [], "summary": {"covered_lines": 0, "num_statements": 12, "percent_covered": 0.0, "percent_covered_display": "0", "missing_lines": 12, "excluded_lines": 0}, "missing_lines": [423, 424, 426, 427, 428, 429, 431, 432, 433, 435, 436, 454], "excluded_lines": []}, "get_run": {"executed_lines": [], "summary": {"covered_lines": 0, "num_statements": 14, "percent_covered": 0.0, "percent_covered_display": "0", "missing_lines": 14, "excluded_lines": 0}, "missing_lines": [459, 460, 462, 463, 464, 465, 467, 468, 469, 471, 472, 473, 474, 488], "excluded_lines": []}, "cancel_run": {"executed_lines": [], "summary": {"covered_lines": 0, "num_statements": 18, "percent_covered": 0.0, "percent_covered_display": "0", "missing_lines": 18, "excluded_lines": 0}, "missing_lines": [497, 499, 500, 501, 503, 504, 505, 506, 507, 509, 510, 511, 512, 513, 514, 515, 516, 518], "excluded_lines": []}, "get_progress": {"executed_lines": [], "summary": {"covered_lines": 0, "num_statements": 9, "percent_covered": 0.0, "percent_covered_display": "0", "missing_lines": 9, "excluded_lines": 0}, "missing_lines": [530, 532, 533, 534, 536, 541, 542, 543, 550], "excluded_lines": []}, "reset_progress": {"executed_lines": [], "summary": {"covered_lines": 0, "num_statements": 10, "percent_covered": 0.0, "percent_covered_display": "0", "missing_lines": 10, "excluded_lines": 0}, "missing_lines": [555, 557, 558, 559, 561, 566, 567, 568, 569, 571], "excluded_lines": []}, "db_status": {"executed_lines": [], "summary": {"covered_lines": 0, "num_statements": 17, "percent_covered": 0.0, "percent_covered_display": "0", "missing_lines": 17, "excluded_lines": 0}, "missing_lines": [589, 590, 592, 593, 594, 595, 596, 597, 598, 599, 600, 601, 602, 603, 604, 605, 606], "excluded_lines": []}, "": {"executed_lines": [1, 2, 3, 4, 5, 6, 8, 11, 12, 13, 14, 16, 17, 19, 22, 33, 36, 37, 38, 39, 40, 41, 42, 43, 44, 47, 48, 49, 52, 53, 54, 55, 58, 59, 60, 63, 76, 90, 91, 256, 257, 299, 300, 320, 321, 341, 342, 347, 348, 389, 390, 421, 422, 457, 458, 491, 492, 495, 496, 521, 522, 523, 524, 525, 528, 529, 553, 554, 574, 575, 576, 577, 578, 581, 582], "summary": {"covered_lines": 69, "num_statements": 69, "percent_covered": 100.0, "percent_covered_display": "100", "missing_lines": 0, "excluded_lines": 0}, "missing_lines": [], "excluded_lines": []}}, "classes": {"BackfillRequest": {"executed_lines": [], "summary": {"covered_lines": 0, "num_statements": 0, "percent_covered": 100.0, "percent_covered_display": "100", "missing_lines": 0, "excluded_lines": 0}, "missing_lines": [], "excluded_lines": []}, "ArchiveRequest": {"executed_lines": [], "summary": {"covered_lines": 0, "num_statements": 0, "percent_covered": 100.0, "percent_covered_display": "100", "missing_lines": 0, "excluded_lines": 0}, "missing_lines": [], "excluded_lines": []}, "RestoreRequest": {"executed_lines": [], "summary": {"covered_lines": 0, "num_statements": 0, "percent_covered": 100.0, "percent_covered_display": "100", "missing_lines": 0, "excluded_lines": 0}, "missing_lines": [], "excluded_lines": []}, "DeleteArchiveRequest": {"executed_lines": [], "summary": {"covered_lines": 0, "num_statements": 0, "percent_covered": 100.0, "percent_covered_display": "100", "missing_lines": 0, "excluded_lines": 0}, "missing_lines": [], "excluded_lines": []}, "OkResponse": {"executed_lines": [], "summary": {"covered_lines": 0, "num_statements": 0, "percent_covered": 100.0, "percent_covered_display": "100", "missing_lines": 0, "excluded_lines": 0}, "missing_lines": [], "excluded_lines": []}, "ProgressOut": {"executed_lines": [], "summary": {"covered_lines": 0, "num_statements": 0, "percent_covered": 100.0, "percent_covered_display": "100", "missing_lines": 0, "excluded_lines": 0}, "missing_lines": [], "excluded_lines": []}, "DBStatusOut": {"executed_lines": [], "summary": {"covered_lines": 0, "num_statements": 0, "percent_covered": 100.0, "percent_covered_display": "100", "missing_lines": 0, "excluded_lines": 0}, "missing_lines": [], "excluded_lines": []}, "": {"executed_lines": [1, 2, 3, 4, 5, 6, 8, 11, 12, 13, 14, 16, 17, 19, 22, 33, 36, 37, 38, 39, 40, 41, 42, 43, 44, 47, 48, 49, 52, 53, 54, 55, 58, 59, 60, 63, 76, 90, 91, 256, 257, 299, 300, 320, 321, 341, 342, 347, 348, 389, 390, 421, 422, 457, 458, 491, 492, 495, 496, 521, 522, 523, 524, 525, 528, 529, 553, 554, 574, 575, 576, 577, 578, 581, 582], "summary": {"covered_lines": 69, "num_statements": 298, "percent_covered": 23.154362416107382, "percent_covered_display": "23", "missing_lines": 229, "excluded_lines": 0}, "missing_lines": [24, 25, 26, 27, 28, 29, 30, 64, 65, 66, 67, 68, 69, 70, 71, 72, 73, 92, 94, 96, 99, 100, 102, 103, 104, 105, 106, 108, 109, 110, 112, 118, 119, 120, 121, 123, 125, 135, 137, 138, 139, 141, 142, 143, 144, 145, 147, 148, 149, 259, 260, 261, 262, 263, 264, 265, 267, 268, 269, 271, 278, 279, 280, 283, 284, 286, 287, 293, 294, 295, 296, 301, 302, 303, 305, 306, 307, 308, 310, 311, 313, 314, 315, 316, 317, 322, 323, 324, 325, 326, 327, 328, 329, 336, 337, 338, 349, 351, 352, 353, 354, 355, 356, 357, 358, 359, 360, 362, 363, 364, 365, 366, 368, 369, 370, 371, 372, 373, 374, 376, 377, 378, 379, 380, 381, 382, 383, 384, 385, 386, 392, 393, 394, 402, 403, 404, 405, 406, 407, 409, 410, 411, 412, 413, 414, 415, 416, 417, 418, 423, 424, 426, 427, 428, 429, 431, 432, 433, 435, 436, 454, 459, 460, 462, 463, 464, 465, 467, 468, 469, 471, 472, 473, 474, 488, 497, 499, 500, 501, 503, 504, 505, 506, 507, 509, 510, 511, 512, 513, 514, 515, 516, 518, 530, 532, 533, 534, 536, 541, 542, 543, 550, 555, 557, 558, 559, 561, 566, 567, 568, 569, 571, 589, 590, 592, 593, 594, 595, 596, 597, 598, 599, 600, 601, 602, 603, 604, 605, 606], "excluded_lines": []}}}, "backend\\api\\routers\\backtests.py": {"executed_lines": [1, 3, 5, 16, 25, 28, 29, 63, 64, 81, 82, 98, 99, 118, 119, 138, 139, 156, 157], "summary": {"covered_lines": 19, "num_statements": 117, "percent_covered": 16.23931623931624, "percent_covered_display": "16", "missing_lines": 98, "excluded_lines": 0}, "missing_lines": [17, 18, 20, 21, 22, 38, 39, 40, 41, 42, 51, 53, 54, 55, 56, 57, 58, 60, 65, 66, 67, 70, 71, 72, 73, 74, 75, 76, 77, 78, 83, 84, 85, 89, 90, 91, 92, 93, 94, 95, 100, 101, 102, 105, 106, 109, 110, 111, 112, 113, 114, 115, 120, 121, 122, 125, 126, 127, 130, 131, 132, 133, 135, 140, 141, 142, 145, 146, 147, 148, 149, 150, 151, 152, 153, 170, 171, 172, 174, 175, 176, 177, 178, 179, 180, 181, 182, 183, 184, 185, 187, 188, 189, 190, 191, 197, 198, 211], "excluded_lines": [], "functions": {"_get_data_service": {"executed_lines": [], "summary": {"covered_lines": 0, "num_statements": 5, "percent_covered": 0.0, "percent_covered_display": "0", "missing_lines": 5, "excluded_lines": 0}, "missing_lines": [17, 18, 20, 21, 22], "excluded_lines": []}, "list_backtests": {"executed_lines": [], "summary": {"covered_lines": 0, "num_statements": 8, "percent_covered": 0.0, "percent_covered_display": "0", "missing_lines": 8, "excluded_lines": 0}, "missing_lines": [38, 39, 40, 41, 42, 51, 53, 60], "excluded_lines": []}, "list_backtests.to_iso": {"executed_lines": [], "summary": {"covered_lines": 0, "num_statements": 5, "percent_covered": 0.0, "percent_covered_display": "0", "missing_lines": 5, "excluded_lines": 0}, "missing_lines": [54, 55, 56, 57, 58], "excluded_lines": []}, "get_backtest": {"executed_lines": [], "summary": {"covered_lines": 0, "num_statements": 12, "percent_covered": 0.0, "percent_covered_display": "0", "missing_lines": 12, "excluded_lines": 0}, "missing_lines": [65, 66, 67, 70, 71, 72, 73, 74, 75, 76, 77, 78], "excluded_lines": []}, "create_backtest": {"executed_lines": [], "summary": {"covered_lines": 0, "num_statements": 10, "percent_covered": 0.0, "percent_covered_display": "0", "missing_lines": 10, "excluded_lines": 0}, "missing_lines": [83, 84, 85, 89, 90, 91, 92, 93, 94, 95], "excluded_lines": []}, "update_backtest": {"executed_lines": [], "summary": {"covered_lines": 0, "num_statements": 12, "percent_covered": 0.0, "percent_covered_display": "0", "missing_lines": 12, "excluded_lines": 0}, "missing_lines": [100, 101, 102, 105, 106, 109, 110, 111, 112, 113, 114, 115], "excluded_lines": []}, "claim_backtest": {"executed_lines": [], "summary": {"covered_lines": 0, "num_statements": 8, "percent_covered": 0.0, "percent_covered_display": "0", "missing_lines": 8, "excluded_lines": 0}, "missing_lines": [120, 121, 122, 125, 126, 127, 130, 135], "excluded_lines": []}, "claim_backtest.convert": {"executed_lines": [], "summary": {"covered_lines": 0, "num_statements": 3, "percent_covered": 0.0, "percent_covered_display": "0", "missing_lines": 3, "excluded_lines": 0}, "missing_lines": [131, 132, 133], "excluded_lines": []}, "update_results": {"executed_lines": [], "summary": {"covered_lines": 0, "num_statements": 12, "percent_covered": 0.0, "percent_covered_display": "0", "missing_lines": 12, "excluded_lines": 0}, "missing_lines": [140, 141, 142, 145, 146, 147, 148, 149, 150, 151, 152, 153], "excluded_lines": []}, "list_trades": {"executed_lines": [], "summary": {"covered_lines": 0, "num_statements": 23, "percent_covered": 0.0, "percent_covered_display": "0", "missing_lines": 23, "excluded_lines": 0}, "missing_lines": [170, 171, 172, 174, 175, 176, 177, 178, 179, 180, 181, 182, 183, 184, 185, 187, 188, 189, 190, 191, 197, 198, 211], "excluded_lines": []}, "": {"executed_lines": [1, 3, 5, 16, 25, 28, 29, 63, 64, 81, 82, 98, 99, 118, 119, 138, 139, 156, 157], "summary": {"covered_lines": 19, "num_statements": 19, "percent_covered": 100.0, "percent_covered_display": "100", "missing_lines": 0, "excluded_lines": 0}, "missing_lines": [], "excluded_lines": []}}, "classes": {"": {"executed_lines": [1, 3, 5, 16, 25, 28, 29, 63, 64, 81, 82, 98, 99, 118, 119, 138, 139, 156, 157], "summary": {"covered_lines": 19, "num_statements": 117, "percent_covered": 16.23931623931624, "percent_covered_display": "16", "missing_lines": 98, "excluded_lines": 0}, "missing_lines": [17, 18, 20, 21, 22, 38, 39, 40, 41, 42, 51, 53, 54, 55, 56, 57, 58, 60, 65, 66, 67, 70, 71, 72, 73, 74, 75, 76, 77, 78, 83, 84, 85, 89, 90, 91, 92, 93, 94, 95, 100, 101, 102, 105, 106, 109, 110, 111, 112, 113, 114, 115, 120, 121, 122, 125, 126, 127, 130, 131, 132, 133, 135, 140, 141, 142, 145, 146, 147, 148, 149, 150, 151, 152, 153, 170, 171, 172, 174, 175, 176, 177, 178, 179, 180, 181, 182, 183, 184, 185, 187, 188, 189, 190, 191, 197, 198, 211], "excluded_lines": []}}}, "backend\\api\\routers\\bots.py": {"executed_lines": [1, 2, 4, 5, 7, 10, 11, 12, 13, 14, 15, 16, 19, 20, 21, 22, 23, 24, 25, 26, 29, 30, 31, 35, 38, 39, 40, 41, 42, 71, 72, 75, 76, 80, 81, 82, 83, 84, 87, 88, 89, 90, 91, 92, 96, 97, 98, 99, 102, 103, 104, 105, 106, 108, 109, 110, 113, 114, 115, 116, 117, 119, 120, 121, 124, 125, 126, 127, 129, 130], "summary": {"covered_lines": 60, "num_statements": 64, "percent_covered": 93.75, "percent_covered_display": "94", "missing_lines": 4, "excluded_lines": 0}, "missing_lines": [93, 107, 118, 128], "excluded_lines": [], "functions": {"_seed": {"executed_lines": [39, 40, 41, 42, 71, 72], "summary": {"covered_lines": 6, "num_statements": 6, "percent_covered": 100.0, "percent_covered_display": "100", "missing_lines": 0, "excluded_lines": 0}, "missing_lines": [], "excluded_lines": []}, "list_bots": {"executed_lines": [80, 81, 82, 83, 84], "summary": {"covered_lines": 5, "num_statements": 5, "percent_covered": 100.0, "percent_covered_display": "100", "missing_lines": 0, "excluded_lines": 0}, "missing_lines": [], "excluded_lines": []}, "get_bot": {"executed_lines": [89, 90, 91, 92], "summary": {"covered_lines": 4, "num_statements": 5, "percent_covered": 80.0, "percent_covered_display": "80", "missing_lines": 1, "excluded_lines": 0}, "missing_lines": [93], "excluded_lines": []}, "start_bot": {"executed_lines": [104, 105, 106, 108, 109, 110], "summary": {"covered_lines": 6, "num_statements": 7, "percent_covered": 85.71428571428571, "percent_covered_display": "86", "missing_lines": 1, "excluded_lines": 0}, "missing_lines": [107], "excluded_lines": []}, "stop_bot": {"executed_lines": [115, 116, 117, 119, 120, 121], "summary": {"covered_lines": 6, "num_statements": 7, "percent_covered": 85.71428571428571, "percent_covered_display": "86", "missing_lines": 1, "excluded_lines": 0}, "missing_lines": [118], "excluded_lines": []}, "delete_bot": {"executed_lines": [126, 127, 129, 130], "summary": {"covered_lines": 4, "num_statements": 5, "percent_covered": 80.0, "percent_covered_display": "80", "missing_lines": 1, "excluded_lines": 0}, "missing_lines": [128], "excluded_lines": []}, "": {"executed_lines": [1, 2, 4, 5, 7, 10, 11, 12, 13, 14, 15, 16, 19, 20, 21, 22, 23, 24, 25, 26, 29, 30, 31, 35, 38, 75, 76, 87, 88, 96, 97, 98, 99, 102, 103, 113, 114, 124, 125], "summary": {"covered_lines": 29, "num_statements": 29, "percent_covered": 100.0, "percent_covered_display": "100", "missing_lines": 0, "excluded_lines": 0}, "missing_lines": [], "excluded_lines": []}}, "classes": {"BotStatus": {"executed_lines": [], "summary": {"covered_lines": 0, "num_statements": 0, "percent_covered": 100.0, "percent_covered_display": "100", "missing_lines": 0, "excluded_lines": 0}, "missing_lines": [], "excluded_lines": []}, "Bot": {"executed_lines": [], "summary": {"covered_lines": 0, "num_statements": 0, "percent_covered": 100.0, "percent_covered_display": "100", "missing_lines": 0, "excluded_lines": 0}, "missing_lines": [], "excluded_lines": []}, "BotsListResponse": {"executed_lines": [], "summary": {"covered_lines": 0, "num_statements": 0, "percent_covered": 100.0, "percent_covered_display": "100", "missing_lines": 0, "excluded_lines": 0}, "missing_lines": [], "excluded_lines": []}, "ActionResponse": {"executed_lines": [], "summary": {"covered_lines": 0, "num_statements": 0, "percent_covered": 100.0, "percent_covered_display": "100", "missing_lines": 0, "excluded_lines": 0}, "missing_lines": [], "excluded_lines": []}, "": {"executed_lines": [1, 2, 4, 5, 7, 10, 11, 12, 13, 14, 15, 16, 19, 20, 21, 22, 23, 24, 25, 26, 29, 30, 31, 35, 38, 39, 40, 41, 42, 71, 72, 75, 76, 80, 81, 82, 83, 84, 87, 88, 89, 90, 91, 92, 96, 97, 98, 99, 102, 103, 104, 105, 106, 108, 109, 110, 113, 114, 115, 116, 117, 119, 120, 121, 124, 125, 126, 127, 129, 130], "summary": {"covered_lines": 60, "num_statements": 64, "percent_covered": 93.75, "percent_covered_display": "94", "missing_lines": 4, "excluded_lines": 0}, "missing_lines": [93, 107, 118, 128], "excluded_lines": []}}}, "backend\\api\\routers\\live.py": {"executed_lines": [1, 3, 4, 6, 8, 10, 12, 13, 18, 83, 84, 107, 108], "summary": {"covered_lines": 13, "num_statements": 76, "percent_covered": 17.105263157894736, "percent_covered_display": "17", "missing_lines": 63, "excluded_lines": 2}, "missing_lines": [25, 26, 27, 28, 29, 30, 31, 32, 33, 34, 35, 36, 38, 39, 40, 41, 42, 43, 44, 45, 46, 47, 49, 50, 52, 53, 54, 55, 56, 57, 58, 59, 61, 62, 63, 64, 65, 66, 67, 68, 69, 70, 71, 73, 74, 75, 77, 78, 79, 80, 91, 92, 93, 94, 95, 96, 97, 98, 99, 100, 101, 103, 115], "excluded_lines": [14, 15], "functions": {"_pubsub_forward": {"executed_lines": [], "summary": {"covered_lines": 0, "num_statements": 50, "percent_covered": 0.0, "percent_covered_display": "0", "missing_lines": 50, "excluded_lines": 0}, "missing_lines": [25, 26, 27, 28, 29, 30, 31, 32, 33, 34, 35, 36, 38, 39, 40, 41, 42, 43, 44, 45, 46, 47, 49, 50, 52, 53, 54, 55, 56, 57, 58, 59, 61, 62, 63, 64, 65, 66, 67, 68, 69, 70, 71, 73, 74, 75, 77, 78, 79, 80], "excluded_lines": []}, "live": {"executed_lines": [], "summary": {"covered_lines": 0, "num_statements": 12, "percent_covered": 0.0, "percent_covered_display": "0", "missing_lines": 12, "excluded_lines": 0}, "missing_lines": [91, 92, 93, 94, 95, 96, 97, 98, 99, 100, 101, 103], "excluded_lines": []}, "live_root": {"executed_lines": [], "summary": {"covered_lines": 0, "num_statements": 1, "percent_covered": 0.0, "percent_covered_display": "0", "missing_lines": 1, "excluded_lines": 0}, "missing_lines": [115], "excluded_lines": []}, "": {"executed_lines": [1, 3, 4, 6, 8, 10, 12, 13, 18, 83, 84, 107, 108], "summary": {"covered_lines": 13, "num_statements": 13, "percent_covered": 100.0, "percent_covered_display": "100", "missing_lines": 0, "excluded_lines": 2}, "missing_lines": [], "excluded_lines": [14, 15]}}, "classes": {"": {"executed_lines": [1, 3, 4, 6, 8, 10, 12, 13, 18, 83, 84, 107, 108], "summary": {"covered_lines": 13, "num_statements": 76, "percent_covered": 17.105263157894736, "percent_covered_display": "17", "missing_lines": 63, "excluded_lines": 2}, "missing_lines": [25, 26, 27, 28, 29, 30, 31, 32, 33, 34, 35, 36, 38, 39, 40, 41, 42, 43, 44, 45, 46, 47, 49, 50, 52, 53, 54, 55, 56, 57, 58, 59, 61, 62, 63, 64, 65, 66, 67, 68, 69, 70, 71, 73, 74, 75, 77, 78, 79, 80, 91, 92, 93, 94, 95, 96, 97, 98, 99, 100, 101, 103, 115], "excluded_lines": [14, 15]}}}, "backend\\api\\routers\\marketdata.py": {"executed_lines": [1, 3, 5, 7, 17, 18, 19, 20, 22, 32, 33, 34, 35, 37, 38, 39, 42, 43, 73, 74, 134, 135, 168, 169, 182, 184, 185, 187, 193, 194, 208, 209, 210, 212, 213, 215, 216, 228, 229, 242, 243, 244, 246, 247, 250, 251, 252, 254, 256, 257, 258, 259, 260, 261, 262, 263, 266, 267, 271, 286, 287, 288, 290, 291, 293, 294, 295, 296, 298, 300, 301, 303, 304, 305, 317, 318, 321, 322, 323, 325, 326, 327, 328, 331, 333, 334, 335, 336, 337, 338, 339, 340, 343, 351, 352, 359, 360, 361, 362, 364, 365, 366, 367, 370, 373, 374, 376, 378, 379, 380, 382, 383, 384, 385, 386, 404, 405, 406, 408, 412, 415, 416, 417, 418, 419, 420, 422, 423, 424, 425, 426, 427, 429, 439, 440, 474, 487, 488, 489, 491, 524, 525, 527, 528, 529, 540, 541, 546, 559, 560, 592, 593], "summary": {"covered_lines": 152, "num_statements": 348, "percent_covered": 43.67816091954023, "percent_covered_display": "44", "missing_lines": 196, "excluded_lines": 7}, "missing_lines": [50, 51, 52, 53, 54, 55, 56, 70, 86, 87, 89, 90, 91, 92, 93, 94, 95, 96, 99, 100, 101, 102, 103, 104, 105, 107, 108, 111, 112, 113, 115, 118, 119, 120, 131, 145, 146, 148, 149, 150, 151, 152, 153, 154, 155, 157, 158, 159, 160, 161, 162, 163, 165, 186, 188, 189, 190, 211, 221, 222, 223, 224, 225, 268, 269, 279, 280, 281, 282, 283, 292, 297, 302, 314, 315, 329, 330, 332, 341, 342, 344, 345, 346, 347, 348, 368, 369, 371, 375, 387, 388, 389, 390, 391, 392, 393, 394, 395, 396, 397, 398, 399, 400, 401, 402, 407, 409, 410, 413, 421, 428, 442, 443, 444, 445, 446, 447, 448, 449, 450, 451, 452, 453, 454, 455, 456, 457, 458, 459, 460, 461, 471, 472, 475, 492, 494, 495, 496, 497, 499, 500, 501, 502, 503, 504, 505, 517, 518, 519, 520, 521, 523, 542, 543, 544, 572, 573, 574, 575, 576, 577, 578, 579, 580, 581, 582, 583, 584, 585, 586, 587, 588, 589, 608, 609, 610, 611, 612, 613, 614, 615, 617, 619, 620, 621, 623, 624, 625, 626, 627, 628, 629, 630, 631, 632, 633], "excluded_lines": [8, 10, 11, 13, 14, 15, 16], "functions": {"get_bybit_klines": {"executed_lines": [], "summary": {"covered_lines": 0, "num_statements": 8, "percent_covered": 0.0, "percent_covered_display": "0", "missing_lines": 8, "excluded_lines": 0}, "missing_lines": [50, 51, 52, 53, 54, 55, 56, 70], "excluded_lines": []}, "fetch_klines": {"executed_lines": [], "summary": {"covered_lines": 0, "num_statements": 20, "percent_covered": 0.0, "percent_covered_display": "0", "missing_lines": 20, "excluded_lines": 0}, "missing_lines": [86, 87, 89, 99, 100, 101, 102, 103, 104, 105, 107, 108, 111, 112, 113, 115, 118, 119, 120, 131], "excluded_lines": []}, "fetch_klines._fetch": {"executed_lines": [], "summary": {"covered_lines": 0, "num_statements": 7, "percent_covered": 0.0, "percent_covered_display": "0", "missing_lines": 7, "excluded_lines": 0}, "missing_lines": [90, 91, 92, 93, 94, 95, 96], "excluded_lines": []}, "fetch_recent_trades": {"executed_lines": [], "summary": {"covered_lines": 0, "num_statements": 11, "percent_covered": 0.0, "percent_covered_display": "0", "missing_lines": 11, "excluded_lines": 0}, "missing_lines": [145, 146, 148, 157, 158, 159, 160, 161, 162, 163, 165], "excluded_lines": []}, "fetch_recent_trades._fetch": {"executed_lines": [], "summary": {"covered_lines": 0, "num_statements": 7, "percent_covered": 0.0, "percent_covered_display": "0", "missing_lines": 7, "excluded_lines": 0}, "missing_lines": [149, 150, 151, 152, 153, 154, 155], "excluded_lines": []}, "fetch_working_set": {"executed_lines": [182, 184, 185, 187], "summary": {"covered_lines": 4, "num_statements": 8, "percent_covered": 50.0, "percent_covered_display": "50", "missing_lines": 4, "excluded_lines": 0}, "missing_lines": [186, 188, 189, 190], "excluded_lines": []}, "fetch_mtf": {"executed_lines": [208, 209, 210, 212, 213, 215, 216], "summary": {"covered_lines": 7, "num_statements": 13, "percent_covered": 53.84615384615385, "percent_covered_display": "54", "missing_lines": 6, "excluded_lines": 0}, "missing_lines": [211, 221, 222, 223, 224, 225], "excluded_lines": []}, "upload_market_data": {"executed_lines": [242, 243, 244, 246, 247, 250, 251, 252, 254, 256, 257, 258, 259, 260, 261, 262, 263, 266, 267, 271], "summary": {"covered_lines": 20, "num_statements": 27, "percent_covered": 74.07407407407408, "percent_covered_display": "74", "missing_lines": 7, "excluded_lines": 0}, "missing_lines": [268, 269, 279, 280, 281, 282, 283], "excluded_lines": []}, "list_uploads": {"executed_lines": [288, 290, 291, 293, 294, 295, 296, 298, 300, 301, 303, 304, 305, 317, 318], "summary": {"covered_lines": 15, "num_statements": 20, "percent_covered": 75.0, "percent_covered_display": "75", "missing_lines": 5, "excluded_lines": 0}, "missing_lines": [292, 297, 302, 314, 315], "excluded_lines": []}, "delete_upload": {"executed_lines": [323, 325, 326, 327, 328, 331, 333, 334, 335, 336, 337, 338, 339, 340, 343], "summary": {"covered_lines": 15, "num_statements": 25, "percent_covered": 60.0, "percent_covered_display": "60", "missing_lines": 10, "excluded_lines": 0}, "missing_lines": [329, 330, 332, 341, 342, 344, 345, 346, 347, 348], "excluded_lines": []}, "ingest_upload": {"executed_lines": [359, 360, 361, 362, 364, 365, 366, 367, 370, 373, 374, 376, 378, 379, 380, 382, 404, 412, 415, 416, 417, 418, 419, 420, 422, 423, 424, 425, 426, 427, 429, 439, 440, 474, 487, 488, 489, 491, 524, 525, 527, 528, 529, 540, 541, 546], "summary": {"covered_lines": 46, "num_statements": 97, "percent_covered": 47.422680412371136, "percent_covered_display": "47", "missing_lines": 51, "excluded_lines": 0}, "missing_lines": [368, 369, 371, 375, 413, 421, 428, 442, 443, 444, 445, 446, 447, 448, 449, 450, 451, 452, 453, 454, 455, 456, 457, 458, 459, 460, 461, 471, 472, 475, 492, 494, 495, 496, 497, 499, 500, 501, 502, 503, 504, 505, 517, 518, 519, 520, 521, 523, 542, 543, 544], "excluded_lines": []}, "ingest_upload.parse_ts_ms": {"executed_lines": [383, 384, 385, 386], "summary": {"covered_lines": 4, "num_statements": 20, "percent_covered": 20.0, "percent_covered_display": "20", "missing_lines": 16, "excluded_lines": 0}, "missing_lines": [387, 388, 389, 390, 391, 392, 393, 394, 395, 396, 397, 398, 399, 400, 401, 402], "excluded_lines": []}, "ingest_upload.to_float": {"executed_lines": [405, 406, 408], "summary": {"covered_lines": 3, "num_statements": 6, "percent_covered": 50.0, "percent_covered_display": "50", "missing_lines": 3, "excluded_lines": 0}, "missing_lines": [407, 409, 410], "excluded_lines": []}, "prime_working_sets": {"executed_lines": [], "summary": {"covered_lines": 0, "num_statements": 18, "percent_covered": 0.0, "percent_covered_display": "0", "missing_lines": 18, "excluded_lines": 0}, "missing_lines": [572, 573, 574, 575, 576, 577, 578, 579, 580, 581, 582, 583, 584, 585, 586, 587, 588, 589], "excluded_lines": []}, "reset_working_sets": {"executed_lines": [], "summary": {"covered_lines": 0, "num_statements": 23, "percent_covered": 0.0, "percent_covered_display": "0", "missing_lines": 23, "excluded_lines": 0}, "missing_lines": [608, 609, 610, 611, 612, 613, 614, 615, 617, 619, 620, 621, 623, 624, 625, 626, 627, 628, 629, 630, 631, 632, 633], "excluded_lines": []}, "": {"executed_lines": [1, 3, 5, 7, 17, 18, 19, 20, 22, 32, 33, 34, 35, 37, 38, 39, 42, 43, 73, 74, 134, 135, 168, 169, 193, 194, 228, 229, 286, 287, 321, 322, 351, 352, 559, 560, 592, 593], "summary": {"covered_lines": 38, "num_statements": 38, "percent_covered": 100.0, "percent_covered_display": "100", "missing_lines": 0, "excluded_lines": 7}, "missing_lines": [], "excluded_lines": [8, 10, 11, 13, 14, 15, 16]}}, "classes": {"": {"executed_lines": [1, 3, 5, 7, 17, 18, 19, 20, 22, 32, 33, 34, 35, 37, 38, 39, 42, 43, 73, 74, 134, 135, 168, 169, 182, 184, 185, 187, 193, 194, 208, 209, 210, 212, 213, 215, 216, 228, 229, 242, 243, 244, 246, 247, 250, 251, 252, 254, 256, 257, 258, 259, 260, 261, 262, 263, 266, 267, 271, 286, 287, 288, 290, 291, 293, 294, 295, 296, 298, 300, 301, 303, 304, 305, 317, 318, 321, 322, 323, 325, 326, 327, 328, 331, 333, 334, 335, 336, 337, 338, 339, 340, 343, 351, 352, 359, 360, 361, 362, 364, 365, 366, 367, 370, 373, 374, 376, 378, 379, 380, 382, 383, 384, 385, 386, 404, 405, 406, 408, 412, 415, 416, 417, 418, 419, 420, 422, 423, 424, 425, 426, 427, 429, 439, 440, 474, 487, 488, 489, 491, 524, 525, 527, 528, 529, 540, 541, 546, 559, 560, 592, 593], "summary": {"covered_lines": 152, "num_statements": 348, "percent_covered": 43.67816091954023, "percent_covered_display": "44", "missing_lines": 196, "excluded_lines": 7}, "missing_lines": [50, 51, 52, 53, 54, 55, 56, 70, 86, 87, 89, 90, 91, 92, 93, 94, 95, 96, 99, 100, 101, 102, 103, 104, 105, 107, 108, 111, 112, 113, 115, 118, 119, 120, 131, 145, 146, 148, 149, 150, 151, 152, 153, 154, 155, 157, 158, 159, 160, 161, 162, 163, 165, 186, 188, 189, 190, 211, 221, 222, 223, 224, 225, 268, 269, 279, 280, 281, 282, 283, 292, 297, 302, 314, 315, 329, 330, 332, 341, 342, 344, 345, 346, 347, 348, 368, 369, 371, 375, 387, 388, 389, 390, 391, 392, 393, 394, 395, 396, 397, 398, 399, 400, 401, 402, 407, 409, 410, 413, 421, 428, 442, 443, 444, 445, 446, 447, 448, 449, 450, 451, 452, 453, 454, 455, 456, 457, 458, 459, 460, 461, 471, 472, 475, 492, 494, 495, 496, 497, 499, 500, 501, 502, 503, 504, 505, 517, 518, 519, 520, 521, 523, 542, 543, 544, 572, 573, 574, 575, 576, 577, 578, 579, 580, 581, 582, 583, 584, 585, 586, 587, 588, 589, 608, 609, 610, 611, 612, 613, 614, 615, 617, 619, 620, 621, 623, 624, 625, 626, 627, 628, 629, 630, 631, 632, 633], "excluded_lines": [8, 10, 11, 13, 14, 15, 16]}}}, "backend\\api\\routers\\optimizations.py": {"executed_lines": [1, 3, 5, 18, 27, 30, 38, 64, 75, 76, 93, 94, 107, 108, 119, 120, 135, 139, 150, 174, 192, 198, 216, 274, 292, 349, 367], "summary": {"covered_lines": 27, "num_statements": 170, "percent_covered": 15.882352941176471, "percent_covered_display": "16", "missing_lines": 143, "excluded_lines": 0}, "missing_lines": [19, 20, 22, 23, 24, 31, 32, 33, 34, 35, 40, 53, 54, 55, 56, 57, 59, 60, 61, 65, 66, 67, 72, 82, 83, 84, 85, 86, 89, 90, 95, 96, 97, 100, 101, 102, 103, 104, 109, 110, 111, 114, 115, 116, 121, 122, 123, 126, 127, 130, 131, 132, 140, 141, 142, 143, 144, 147, 175, 176, 177, 180, 181, 182, 183, 184, 193, 194, 195, 218, 219, 220, 221, 223, 224, 225, 229, 230, 231, 232, 235, 236, 237, 238, 239, 240, 241, 243, 246, 247, 248, 249, 252, 266, 293, 294, 295, 296, 298, 299, 300, 304, 305, 306, 307, 309, 310, 311, 312, 313, 314, 315, 316, 319, 320, 321, 322, 324, 341, 368, 369, 370, 371, 373, 374, 375, 379, 380, 381, 382, 384, 385, 386, 387, 388, 389, 390, 393, 394, 395, 396, 398, 416], "excluded_lines": [], "functions": {"_get_data_service": {"executed_lines": [], "summary": {"covered_lines": 0, "num_statements": 5, "percent_covered": 0.0, "percent_covered_display": "0", "missing_lines": 5, "excluded_lines": 0}, "missing_lines": [19, 20, 22, 23, 24], "excluded_lines": []}, "_to_iso_dict": {"executed_lines": [], "summary": {"covered_lines": 0, "num_statements": 5, "percent_covered": 0.0, "percent_covered_display": "0", "missing_lines": 5, "excluded_lines": 0}, "missing_lines": [31, 32, 33, 34, 35], "excluded_lines": []}, "_map_result": {"executed_lines": [], "summary": {"covered_lines": 0, "num_statements": 9, "percent_covered": 0.0, "percent_covered_display": "0", "missing_lines": 9, "excluded_lines": 0}, "missing_lines": [40, 53, 54, 55, 56, 57, 59, 60, 61], "excluded_lines": []}, "_choose_queue": {"executed_lines": [], "summary": {"covered_lines": 0, "num_statements": 4, "percent_covered": 0.0, "percent_covered_display": "0", "missing_lines": 4, "excluded_lines": 0}, "missing_lines": [65, 66, 67, 72], "excluded_lines": []}, "list_optimizations": {"executed_lines": [], "summary": {"covered_lines": 0, "num_statements": 7, "percent_covered": 0.0, "percent_covered_display": "0", "missing_lines": 7, "excluded_lines": 0}, "missing_lines": [82, 83, 84, 85, 86, 89, 90], "excluded_lines": []}, "get_optimization": {"executed_lines": [], "summary": {"covered_lines": 0, "num_statements": 8, "percent_covered": 0.0, "percent_covered_display": "0", "missing_lines": 8, "excluded_lines": 0}, "missing_lines": [95, 96, 97, 100, 101, 102, 103, 104], "excluded_lines": []}, "create_optimization": {"executed_lines": [], "summary": {"covered_lines": 0, "num_statements": 6, "percent_covered": 0.0, "percent_covered_display": "0", "missing_lines": 6, "excluded_lines": 0}, "missing_lines": [109, 110, 111, 114, 115, 116], "excluded_lines": []}, "update_optimization": {"executed_lines": [], "summary": {"covered_lines": 0, "num_statements": 8, "percent_covered": 0.0, "percent_covered_display": "0", "missing_lines": 8, "excluded_lines": 0}, "missing_lines": [121, 122, 123, 126, 127, 130, 131, 132], "excluded_lines": []}, "list_optimization_results": {"executed_lines": [], "summary": {"covered_lines": 0, "num_statements": 6, "percent_covered": 0.0, "percent_covered_display": "0", "missing_lines": 6, "excluded_lines": 0}, "missing_lines": [140, 141, 142, 143, 144, 147], "excluded_lines": []}, "best_optimization_result": {"executed_lines": [], "summary": {"covered_lines": 0, "num_statements": 8, "percent_covered": 0.0, "percent_covered_display": "0", "missing_lines": 8, "excluded_lines": 0}, "missing_lines": [175, 176, 177, 180, 181, 182, 183, 184], "excluded_lines": []}, "_iso": {"executed_lines": [], "summary": {"covered_lines": 0, "num_statements": 3, "percent_covered": 0.0, "percent_covered_display": "0", "missing_lines": 3, "excluded_lines": 0}, "missing_lines": [193, 194, 195], "excluded_lines": []}, "enqueue_grid_search": {"executed_lines": [], "summary": {"covered_lines": 0, "num_statements": 25, "percent_covered": 0.0, "percent_covered_display": "0", "missing_lines": 25, "excluded_lines": 0}, "missing_lines": [218, 219, 220, 221, 223, 224, 225, 229, 230, 231, 232, 235, 236, 237, 238, 239, 240, 241, 243, 246, 247, 248, 249, 252, 266], "excluded_lines": []}, "enqueue_walk_forward": {"executed_lines": [], "summary": {"covered_lines": 0, "num_statements": 25, "percent_covered": 0.0, "percent_covered_display": "0", "missing_lines": 25, "excluded_lines": 0}, "missing_lines": [293, 294, 295, 296, 298, 299, 300, 304, 305, 306, 307, 309, 310, 311, 312, 313, 314, 315, 316, 319, 320, 321, 322, 324, 341], "excluded_lines": []}, "enqueue_bayesian": {"executed_lines": [], "summary": {"covered_lines": 0, "num_statements": 24, "percent_covered": 0.0, "percent_covered_display": "0", "missing_lines": 24, "excluded_lines": 0}, "missing_lines": [368, 369, 370, 371, 373, 374, 375, 379, 380, 381, 382, 384, 385, 386, 387, 388, 389, 390, 393, 394, 395, 396, 398, 416], "excluded_lines": []}, "": {"executed_lines": [1, 3, 5, 18, 27, 30, 38, 64, 75, 76, 93, 94, 107, 108, 119, 120, 135, 139, 150, 174, 192, 198, 216, 274, 292, 349, 367], "summary": {"covered_lines": 27, "num_statements": 27, "percent_covered": 100.0, "percent_covered_display": "100", "missing_lines": 0, "excluded_lines": 0}, "missing_lines": [], "excluded_lines": []}}, "classes": {"": {"executed_lines": [1, 3, 5, 18, 27, 30, 38, 64, 75, 76, 93, 94, 107, 108, 119, 120, 135, 139, 150, 174, 192, 198, 216, 274, 292, 349, 367], "summary": {"covered_lines": 27, "num_statements": 170, "percent_covered": 15.882352941176471, "percent_covered_display": "16", "missing_lines": 143, "excluded_lines": 0}, "missing_lines": [19, 20, 22, 23, 24, 31, 32, 33, 34, 35, 40, 53, 54, 55, 56, 57, 59, 60, 61, 65, 66, 67, 72, 82, 83, 84, 85, 86, 89, 90, 95, 96, 97, 100, 101, 102, 103, 104, 109, 110, 111, 114, 115, 116, 121, 122, 123, 126, 127, 130, 131, 132, 140, 141, 142, 143, 144, 147, 175, 176, 177, 180, 181, 182, 183, 184, 193, 194, 195, 218, 219, 220, 221, 223, 224, 225, 229, 230, 231, 232, 235, 236, 237, 238, 239, 240, 241, 243, 246, 247, 248, 249, 252, 266, 293, 294, 295, 296, 298, 299, 300, 304, 305, 306, 307, 309, 310, 311, 312, 313, 314, 315, 316, 319, 320, 321, 322, 324, 341, 368, 369, 370, 371, 373, 374, 375, 379, 380, 381, 382, 384, 385, 386, 387, 388, 389, 390, 393, 394, 395, 396, 398, 416], "excluded_lines": []}}}, "backend\\api\\routers\\strategies.py": {"executed_lines": [1, 3, 5, 8, 17, 20, 21, 52, 53, 70, 71, 86, 87, 106, 107], "summary": {"covered_lines": 15, "num_statements": 73, "percent_covered": 20.54794520547945, "percent_covered_display": "21", "missing_lines": 58, "excluded_lines": 0}, "missing_lines": [9, 10, 12, 13, 14, 32, 33, 35, 36, 37, 40, 42, 43, 44, 45, 46, 47, 49, 54, 55, 56, 59, 60, 61, 62, 63, 64, 65, 66, 67, 72, 73, 74, 77, 78, 79, 80, 81, 82, 83, 88, 89, 90, 93, 94, 97, 98, 99, 100, 101, 102, 103, 108, 109, 110, 113, 114, 115], "excluded_lines": [], "functions": {"_get_data_service": {"executed_lines": [], "summary": {"covered_lines": 0, "num_statements": 5, "percent_covered": 0.0, "percent_covered_display": "0", "missing_lines": 5, "excluded_lines": 0}, "missing_lines": [9, 10, 12, 13, 14], "excluded_lines": []}, "list_strategies": {"executed_lines": [], "summary": {"covered_lines": 0, "num_statements": 8, "percent_covered": 0.0, "percent_covered_display": "0", "missing_lines": 8, "excluded_lines": 0}, "missing_lines": [32, 33, 35, 36, 37, 40, 42, 49], "excluded_lines": []}, "list_strategies.to_iso": {"executed_lines": [], "summary": {"covered_lines": 0, "num_statements": 5, "percent_covered": 0.0, "percent_covered_display": "0", "missing_lines": 5, "excluded_lines": 0}, "missing_lines": [43, 44, 45, 46, 47], "excluded_lines": []}, "get_strategy": {"executed_lines": [], "summary": {"covered_lines": 0, "num_statements": 12, "percent_covered": 0.0, "percent_covered_display": "0", "missing_lines": 12, "excluded_lines": 0}, "missing_lines": [54, 55, 56, 59, 60, 61, 62, 63, 64, 65, 66, 67], "excluded_lines": []}, "create_strategy": {"executed_lines": [], "summary": {"covered_lines": 0, "num_statements": 10, "percent_covered": 0.0, "percent_covered_display": "0", "missing_lines": 10, "excluded_lines": 0}, "missing_lines": [72, 73, 74, 77, 78, 79, 80, 81, 82, 83], "excluded_lines": []}, "update_strategy": {"executed_lines": [], "summary": {"covered_lines": 0, "num_statements": 12, "percent_covered": 0.0, "percent_covered_display": "0", "missing_lines": 12, "excluded_lines": 0}, "missing_lines": [88, 89, 90, 93, 94, 97, 98, 99, 100, 101, 102, 103], "excluded_lines": []}, "delete_strategy": {"executed_lines": [], "summary": {"covered_lines": 0, "num_statements": 6, "percent_covered": 0.0, "percent_covered_display": "0", "missing_lines": 6, "excluded_lines": 0}, "missing_lines": [108, 109, 110, 113, 114, 115], "excluded_lines": []}, "": {"executed_lines": [1, 3, 5, 8, 17, 20, 21, 52, 53, 70, 71, 86, 87, 106, 107], "summary": {"covered_lines": 15, "num_statements": 15, "percent_covered": 100.0, "percent_covered_display": "100", "missing_lines": 0, "excluded_lines": 0}, "missing_lines": [], "excluded_lines": []}}, "classes": {"": {"executed_lines": [1, 3, 5, 8, 17, 20, 21, 52, 53, 70, 71, 86, 87, 106, 107], "summary": {"covered_lines": 15, "num_statements": 73, "percent_covered": 20.54794520547945, "percent_covered_display": "21", "missing_lines": 58, "excluded_lines": 0}, "missing_lines": [9, 10, 12, 13, 14, 32, 33, 35, 36, 37, 40, 42, 43, 44, 45, 46, 47, 49, 54, 55, 56, 59, 60, 61, 62, 63, 64, 65, 66, 67, 72, 73, 74, 77, 78, 79, 80, 81, 82, 83, 88, 89, 90, 93, 94, 97, 98, 99, 100, 101, 102, 103, 108, 109, 110, 113, 114, 115], "excluded_lines": []}}}, "backend\\api\\routers\\wizard.py": {"executed_lines": [1, 3, 5, 9, 14, 41, 56, 57, 61, 62, 66, 67, 75, 76, 85, 86], "summary": {"covered_lines": 16, "num_statements": 25, "percent_covered": 64.0, "percent_covered_display": "64", "missing_lines": 9, "excluded_lines": 0}, "missing_lines": [58, 63, 68, 69, 70, 71, 72, 78, 88], "excluded_lines": [], "functions": {"list_strategy_versions": {"executed_lines": [], "summary": {"covered_lines": 0, "num_statements": 1, "percent_covered": 0.0, "percent_covered_display": "0", "missing_lines": 1, "excluded_lines": 0}, "missing_lines": [58], "excluded_lines": []}, "get_strategy_version_schema": {"executed_lines": [], "summary": {"covered_lines": 0, "num_statements": 1, "percent_covered": 0.0, "percent_covered_display": "0", "missing_lines": 1, "excluded_lines": 0}, "missing_lines": [63], "excluded_lines": []}, "list_presets": {"executed_lines": [], "summary": {"covered_lines": 0, "num_statements": 5, "percent_covered": 0.0, "percent_covered_display": "0", "missing_lines": 5, "excluded_lines": 0}, "missing_lines": [68, 69, 70, 71, 72], "excluded_lines": []}, "quick_backtest": {"executed_lines": [], "summary": {"covered_lines": 0, "num_statements": 1, "percent_covered": 0.0, "percent_covered_display": "0", "missing_lines": 1, "excluded_lines": 0}, "missing_lines": [78], "excluded_lines": []}, "create_bot": {"executed_lines": [], "summary": {"covered_lines": 0, "num_statements": 1, "percent_covered": 0.0, "percent_covered_display": "0", "missing_lines": 1, "excluded_lines": 0}, "missing_lines": [88], "excluded_lines": []}, "": {"executed_lines": [1, 3, 5, 9, 14, 41, 56, 57, 61, 62, 66, 67, 75, 76, 85, 86], "summary": {"covered_lines": 16, "num_statements": 16, "percent_covered": 100.0, "percent_covered_display": "100", "missing_lines": 0, "excluded_lines": 0}, "missing_lines": [], "excluded_lines": []}}, "classes": {"": {"executed_lines": [1, 3, 5, 9, 14, 41, 56, 57, 61, 62, 66, 67, 75, 76, 85, 86], "summary": {"covered_lines": 16, "num_statements": 25, "percent_covered": 64.0, "percent_covered_display": "64", "missing_lines": 9, "excluded_lines": 0}, "missing_lines": [58, 63, 68, 69, 70, 71, 72, 78, 88], "excluded_lines": []}}}, "backend\\api\\schemas.py": {"executed_lines": [1, 3, 4, 5, 7, 10, 11, 12, 13, 14, 15, 16, 17, 18, 20, 23, 24, 25, 26, 27, 28, 29, 30, 31, 32, 33, 35, 36, 37, 38, 39, 41, 42, 43, 44, 45, 46, 48, 51, 52, 53, 54, 55, 56, 57, 58, 59, 60, 62, 65, 66, 67, 75, 76, 77, 78, 79, 80, 81, 82, 83, 84, 85, 88, 89, 90, 91, 92, 93, 94, 95, 98, 99, 100, 101, 102, 105, 106, 107, 108, 109, 110, 111, 114, 115, 116, 117, 120, 121, 123, 124, 125, 126, 127, 128, 131, 132, 133, 134, 135, 136, 139, 140, 141, 144, 145, 147, 148, 149, 150, 151, 152, 153, 154, 155, 163, 164, 165, 166, 169, 170, 171, 172, 173, 174, 175, 176, 177, 178, 179, 182, 183, 184, 187, 188, 189, 190, 193, 194, 195, 198, 199, 200, 201, 204, 205, 206, 207, 210, 211, 212, 215, 216, 219, 220, 221, 222, 223, 224, 225, 226, 227, 230, 231, 232, 233, 234, 236, 237, 238, 239, 240, 241, 243, 244, 245, 246, 247, 248, 249, 257, 258, 259, 260, 261, 262, 265, 266, 267, 268, 269, 270, 273, 274, 275, 276, 277, 278, 279, 280, 281, 282, 285, 287, 288, 289, 290, 291, 292, 293, 294, 295, 296, 299, 300, 301, 302, 303, 304, 305, 306, 307, 308, 311, 312, 313, 314, 322, 323, 324, 325, 326, 327, 328, 329, 330, 331, 332, 333, 335, 336, 337, 338, 339, 341, 342, 343, 344, 345, 346, 347, 348, 350, 353, 354, 355, 356, 357, 358, 359, 360, 361, 362, 363, 364, 366, 389, 390, 391, 392, 393, 394, 395, 396, 398, 411, 412, 413, 414, 415, 416, 417, 418, 419, 420, 421, 423, 431, 432, 433, 434, 436, 437, 439, 441, 453, 454, 455, 456, 457, 459, 471, 472, 473, 474, 475, 476, 477, 478, 480, 495, 496, 497, 498, 499, 500, 501, 502, 503, 505, 527, 530, 543], "summary": {"covered_lines": 321, "num_statements": 321, "percent_covered": 100.0, "percent_covered_display": "100", "missing_lines": 0, "excluded_lines": 0}, "missing_lines": [], "excluded_lines": [], "functions": {"": {"executed_lines": [1, 3, 4, 5, 7, 10, 11, 12, 13, 14, 15, 16, 17, 18, 20, 23, 24, 25, 26, 27, 28, 29, 30, 31, 32, 33, 35, 36, 37, 38, 39, 41, 42, 43, 44, 45, 46, 48, 51, 52, 53, 54, 55, 56, 57, 58, 59, 60, 62, 65, 66, 67, 75, 76, 77, 78, 79, 80, 81, 82, 83, 84, 85, 88, 89, 90, 91, 92, 93, 94, 95, 98, 99, 100, 101, 102, 105, 106, 107, 108, 109, 110, 111, 114, 115, 116, 117, 120, 121, 123, 124, 125, 126, 127, 128, 131, 132, 133, 134, 135, 136, 139, 140, 141, 144, 145, 147, 148, 149, 150, 151, 152, 153, 154, 155, 163, 164, 165, 166, 169, 170, 171, 172, 173, 174, 175, 176, 177, 178, 179, 182, 183, 184, 187, 188, 189, 190, 193, 194, 195, 198, 199, 200, 201, 204, 205, 206, 207, 210, 211, 212, 215, 216, 219, 220, 221, 222, 223, 224, 225, 226, 227, 230, 231, 232, 233, 234, 236, 237, 238, 239, 240, 241, 243, 244, 245, 246, 247, 248, 249, 257, 258, 259, 260, 261, 262, 265, 266, 267, 268, 269, 270, 273, 274, 275, 276, 277, 278, 279, 280, 281, 282, 285, 287, 288, 289, 290, 291, 292, 293, 294, 295, 296, 299, 300, 301, 302, 303, 304, 305, 306, 307, 308, 311, 312, 313, 314, 322, 323, 324, 325, 326, 327, 328, 329, 330, 331, 332, 333, 335, 336, 337, 338, 339, 341, 342, 343, 344, 345, 346, 347, 348, 350, 353, 354, 355, 356, 357, 358, 359, 360, 361, 362, 363, 364, 366, 389, 390, 391, 392, 393, 394, 395, 396, 398, 411, 412, 413, 414, 415, 416, 417, 418, 419, 420, 421, 423, 431, 432, 433, 434, 436, 437, 439, 441, 453, 454, 455, 456, 457, 459, 471, 472, 473, 474, 475, 476, 477, 478, 480, 495, 496, 497, 498, 499, 500, 501, 502, 503, 505, 527, 530, 543], "summary": {"covered_lines": 321, "num_statements": 321, "percent_covered": 100.0, "percent_covered_display": "100", "missing_lines": 0, "excluded_lines": 0}, "missing_lines": [], "excluded_lines": []}}, "classes": {"StrategyOut": {"executed_lines": [], "summary": {"covered_lines": 0, "num_statements": 0, "percent_covered": 100.0, "percent_covered_display": "100", "missing_lines": 0, "excluded_lines": 0}, "missing_lines": [], "excluded_lines": []}, "BacktestOut": {"executed_lines": [], "summary": {"covered_lines": 0, "num_statements": 0, "percent_covered": 100.0, "percent_covered_display": "100", "missing_lines": 0, "excluded_lines": 0}, "missing_lines": [], "excluded_lines": []}, "BacktestOut.BacktestStatus": {"executed_lines": [], "summary": {"covered_lines": 0, "num_statements": 0, "percent_covered": 100.0, "percent_covered_display": "100", "missing_lines": 0, "excluded_lines": 0}, "missing_lines": [], "excluded_lines": []}, "TradeOut": {"executed_lines": [], "summary": {"covered_lines": 0, "num_statements": 0, "percent_covered": 100.0, "percent_covered_display": "100", "missing_lines": 0, "excluded_lines": 0}, "missing_lines": [], "excluded_lines": []}, "ApiListResponse": {"executed_lines": [], "summary": {"covered_lines": 0, "num_statements": 0, "percent_covered": 100.0, "percent_covered_display": "100", "missing_lines": 0, "excluded_lines": 0}, "missing_lines": [], "excluded_lines": []}, "BybitKlineAuditOut": {"executed_lines": [], "summary": {"covered_lines": 0, "num_statements": 0, "percent_covered": 100.0, "percent_covered_display": "100", "missing_lines": 0, "excluded_lines": 0}, "missing_lines": [], "excluded_lines": []}, "BybitKlineFetchRowOut": {"executed_lines": [], "summary": {"covered_lines": 0, "num_statements": 0, "percent_covered": 100.0, "percent_covered_display": "100", "missing_lines": 0, "excluded_lines": 0}, "missing_lines": [], "excluded_lines": []}, "RecentTradeOut": {"executed_lines": [], "summary": {"covered_lines": 0, "num_statements": 0, "percent_covered": 100.0, "percent_covered_display": "100", "missing_lines": 0, "excluded_lines": 0}, "missing_lines": [], "excluded_lines": []}, "WorkingSetCandleOut": {"executed_lines": [], "summary": {"covered_lines": 0, "num_statements": 0, "percent_covered": 100.0, "percent_covered_display": "100", "missing_lines": 0, "excluded_lines": 0}, "missing_lines": [], "excluded_lines": []}, "MtfResponseOut": {"executed_lines": [], "summary": {"covered_lines": 0, "num_statements": 0, "percent_covered": 100.0, "percent_covered_display": "100", "missing_lines": 0, "excluded_lines": 0}, "missing_lines": [], "excluded_lines": []}, "DataUploadResponse": {"executed_lines": [], "summary": {"covered_lines": 0, "num_statements": 0, "percent_covered": 100.0, "percent_covered_display": "100", "missing_lines": 0, "excluded_lines": 0}, "missing_lines": [], "excluded_lines": []}, "UploadItem": {"executed_lines": [], "summary": {"covered_lines": 0, "num_statements": 0, "percent_covered": 100.0, "percent_covered_display": "100", "missing_lines": 0, "excluded_lines": 0}, "missing_lines": [], "excluded_lines": []}, "UploadsListResponse": {"executed_lines": [], "summary": {"covered_lines": 0, "num_statements": 0, "percent_covered": 100.0, "percent_covered_display": "100", "missing_lines": 0, "excluded_lines": 0}, "missing_lines": [], "excluded_lines": []}, "DataIngestResponse": {"executed_lines": [], "summary": {"covered_lines": 0, "num_statements": 0, "percent_covered": 100.0, "percent_covered_display": "100", "missing_lines": 0, "excluded_lines": 0}, "missing_lines": [], "excluded_lines": []}, "BackfillAsyncResponse": {"executed_lines": [], "summary": {"covered_lines": 0, "num_statements": 0, "percent_covered": 100.0, "percent_covered_display": "100", "missing_lines": 0, "excluded_lines": 0}, "missing_lines": [], "excluded_lines": []}, "BackfillSyncResponse": {"executed_lines": [], "summary": {"covered_lines": 0, "num_statements": 0, "percent_covered": 100.0, "percent_covered_display": "100", "missing_lines": 0, "excluded_lines": 0}, "missing_lines": [], "excluded_lines": []}, "ArchiveAsyncResponse": {"executed_lines": [], "summary": {"covered_lines": 0, "num_statements": 0, "percent_covered": 100.0, "percent_covered_display": "100", "missing_lines": 0, "excluded_lines": 0}, "missing_lines": [], "excluded_lines": []}, "ArchiveSyncResponse": {"executed_lines": [], "summary": {"covered_lines": 0, "num_statements": 0, "percent_covered": 100.0, "percent_covered_display": "100", "missing_lines": 0, "excluded_lines": 0}, "missing_lines": [], "excluded_lines": []}, "RestoreAsyncResponse": {"executed_lines": [], "summary": {"covered_lines": 0, "num_statements": 0, "percent_covered": 100.0, "percent_covered_display": "100", "missing_lines": 0, "excluded_lines": 0}, "missing_lines": [], "excluded_lines": []}, "RestoreSyncResponse": {"executed_lines": [], "summary": {"covered_lines": 0, "num_statements": 0, "percent_covered": 100.0, "percent_covered_display": "100", "missing_lines": 0, "excluded_lines": 0}, "missing_lines": [], "excluded_lines": []}, "ArchiveFileOut": {"executed_lines": [], "summary": {"covered_lines": 0, "num_statements": 0, "percent_covered": 100.0, "percent_covered_display": "100", "missing_lines": 0, "excluded_lines": 0}, "missing_lines": [], "excluded_lines": []}, "ArchivesListOut": {"executed_lines": [], "summary": {"covered_lines": 0, "num_statements": 0, "percent_covered": 100.0, "percent_covered_display": "100", "missing_lines": 0, "excluded_lines": 0}, "missing_lines": [], "excluded_lines": []}, "DeleteArchiveResponse": {"executed_lines": [], "summary": {"covered_lines": 0, "num_statements": 0, "percent_covered": 100.0, "percent_covered_display": "100", "missing_lines": 0, "excluded_lines": 0}, "missing_lines": [], "excluded_lines": []}, "TaskStatusOut": {"executed_lines": [], "summary": {"covered_lines": 0, "num_statements": 0, "percent_covered": 100.0, "percent_covered_display": "100", "missing_lines": 0, "excluded_lines": 0}, "missing_lines": [], "excluded_lines": []}, "BackfillRunOut": {"executed_lines": [], "summary": {"covered_lines": 0, "num_statements": 0, "percent_covered": 100.0, "percent_covered_display": "100", "missing_lines": 0, "excluded_lines": 0}, "missing_lines": [], "excluded_lines": []}, "BackfillRunOut.BackfillStatus": {"executed_lines": [], "summary": {"covered_lines": 0, "num_statements": 0, "percent_covered": 100.0, "percent_covered_display": "100", "missing_lines": 0, "excluded_lines": 0}, "missing_lines": [], "excluded_lines": []}, "StrategyCreate": {"executed_lines": [], "summary": {"covered_lines": 0, "num_statements": 0, "percent_covered": 100.0, "percent_covered_display": "100", "missing_lines": 0, "excluded_lines": 0}, "missing_lines": [], "excluded_lines": []}, "StrategyUpdate": {"executed_lines": [], "summary": {"covered_lines": 0, "num_statements": 0, "percent_covered": 100.0, "percent_covered_display": "100", "missing_lines": 0, "excluded_lines": 0}, "missing_lines": [], "excluded_lines": []}, "BacktestCreate": {"executed_lines": [], "summary": {"covered_lines": 0, "num_statements": 0, "percent_covered": 100.0, "percent_covered_display": "100", "missing_lines": 0, "excluded_lines": 0}, "missing_lines": [], "excluded_lines": []}, "BacktestUpdate": {"executed_lines": [], "summary": {"covered_lines": 0, "num_statements": 0, "percent_covered": 100.0, "percent_covered_display": "100", "missing_lines": 0, "excluded_lines": 0}, "missing_lines": [], "excluded_lines": []}, "BacktestResultsUpdate": {"executed_lines": [], "summary": {"covered_lines": 0, "num_statements": 0, "percent_covered": 100.0, "percent_covered_display": "100", "missing_lines": 0, "excluded_lines": 0}, "missing_lines": [], "excluded_lines": []}, "BacktestClaimResponse": {"executed_lines": [], "summary": {"covered_lines": 0, "num_statements": 0, "percent_covered": 100.0, "percent_covered_display": "100", "missing_lines": 0, "excluded_lines": 0}, "missing_lines": [], "excluded_lines": []}, "OptimizationOut": {"executed_lines": [], "summary": {"covered_lines": 0, "num_statements": 0, "percent_covered": 100.0, "percent_covered_display": "100", "missing_lines": 0, "excluded_lines": 0}, "missing_lines": [], "excluded_lines": []}, "OptimizationOut.OptimizationStatus": {"executed_lines": [], "summary": {"covered_lines": 0, "num_statements": 0, "percent_covered": 100.0, "percent_covered_display": "100", "missing_lines": 0, "excluded_lines": 0}, "missing_lines": [], "excluded_lines": []}, "OptimizationCreate": {"executed_lines": [], "summary": {"covered_lines": 0, "num_statements": 0, "percent_covered": 100.0, "percent_covered_display": "100", "missing_lines": 0, "excluded_lines": 0}, "missing_lines": [], "excluded_lines": []}, "OptimizationUpdate": {"executed_lines": [], "summary": {"covered_lines": 0, "num_statements": 0, "percent_covered": 100.0, "percent_covered_display": "100", "missing_lines": 0, "excluded_lines": 0}, "missing_lines": [], "excluded_lines": []}, "OptimizationResultOut": {"executed_lines": [], "summary": {"covered_lines": 0, "num_statements": 0, "percent_covered": 100.0, "percent_covered_display": "100", "missing_lines": 0, "excluded_lines": 0}, "missing_lines": [], "excluded_lines": []}, "OptimizationEnqueueResponse": {"executed_lines": [], "summary": {"covered_lines": 0, "num_statements": 0, "percent_covered": 100.0, "percent_covered_display": "100", "missing_lines": 0, "excluded_lines": 0}, "missing_lines": [], "excluded_lines": []}, "OptimizationEnqueueResponse.EnqueueStatus": {"executed_lines": [], "summary": {"covered_lines": 0, "num_statements": 0, "percent_covered": 100.0, "percent_covered_display": "100", "missing_lines": 0, "excluded_lines": 0}, "missing_lines": [], "excluded_lines": []}, "OptimizationRunGridRequest": {"executed_lines": [], "summary": {"covered_lines": 0, "num_statements": 0, "percent_covered": 100.0, "percent_covered_display": "100", "missing_lines": 0, "excluded_lines": 0}, "missing_lines": [], "excluded_lines": []}, "OptimizationRunWalkForwardRequest": {"executed_lines": [], "summary": {"covered_lines": 0, "num_statements": 0, "percent_covered": 100.0, "percent_covered_display": "100", "missing_lines": 0, "excluded_lines": 0}, "missing_lines": [], "excluded_lines": []}, "OptimizationRunBayesianRequest": {"executed_lines": [], "summary": {"covered_lines": 0, "num_statements": 0, "percent_covered": 100.0, "percent_covered_display": "100", "missing_lines": 0, "excluded_lines": 0}, "missing_lines": [], "excluded_lines": []}, "": {"executed_lines": [1, 3, 4, 5, 7, 10, 11, 12, 13, 14, 15, 16, 17, 18, 20, 23, 24, 25, 26, 27, 28, 29, 30, 31, 32, 33, 35, 36, 37, 38, 39, 41, 42, 43, 44, 45, 46, 48, 51, 52, 53, 54, 55, 56, 57, 58, 59, 60, 62, 65, 66, 67, 75, 76, 77, 78, 79, 80, 81, 82, 83, 84, 85, 88, 89, 90, 91, 92, 93, 94, 95, 98, 99, 100, 101, 102, 105, 106, 107, 108, 109, 110, 111, 114, 115, 116, 117, 120, 121, 123, 124, 125, 126, 127, 128, 131, 132, 133, 134, 135, 136, 139, 140, 141, 144, 145, 147, 148, 149, 150, 151, 152, 153, 154, 155, 163, 164, 165, 166, 169, 170, 171, 172, 173, 174, 175, 176, 177, 178, 179, 182, 183, 184, 187, 188, 189, 190, 193, 194, 195, 198, 199, 200, 201, 204, 205, 206, 207, 210, 211, 212, 215, 216, 219, 220, 221, 222, 223, 224, 225, 226, 227, 230, 231, 232, 233, 234, 236, 237, 238, 239, 240, 241, 243, 244, 245, 246, 247, 248, 249, 257, 258, 259, 260, 261, 262, 265, 266, 267, 268, 269, 270, 273, 274, 275, 276, 277, 278, 279, 280, 281, 282, 285, 287, 288, 289, 290, 291, 292, 293, 294, 295, 296, 299, 300, 301, 302, 303, 304, 305, 306, 307, 308, 311, 312, 313, 314, 322, 323, 324, 325, 326, 327, 328, 329, 330, 331, 332, 333, 335, 336, 337, 338, 339, 341, 342, 343, 344, 345, 346, 347, 348, 350, 353, 354, 355, 356, 357, 358, 359, 360, 361, 362, 363, 364, 366, 389, 390, 391, 392, 393, 394, 395, 396, 398, 411, 412, 413, 414, 415, 416, 417, 418, 419, 420, 421, 423, 431, 432, 433, 434, 436, 437, 439, 441, 453, 454, 455, 456, 457, 459, 471, 472, 473, 474, 475, 476, 477, 478, 480, 495, 496, 497, 498, 499, 500, 501, 502, 503, 505, 527, 530, 543], "summary": {"covered_lines": 321, "num_statements": 321, "percent_covered": 100.0, "percent_covered_display": "100", "missing_lines": 0, "excluded_lines": 0}, "missing_lines": [], "excluded_lines": []}}}, "backend\\celery_app.py": {"executed_lines": [1, 15, 17, 19, 20, 22, 26, 27, 28, 29, 33, 34, 35, 36, 41, 56], "summary": {"covered_lines": 15, "num_statements": 18, "percent_covered": 83.33333333333333, "percent_covered_display": "83", "missing_lines": 3, "excluded_lines": 0}, "missing_lines": [30, 37, 38], "excluded_lines": [], "functions": {"_get_bool": {"executed_lines": [27, 28, 29], "summary": {"covered_lines": 3, "num_statements": 4, "percent_covered": 75.0, "percent_covered_display": "75", "missing_lines": 1, "excluded_lines": 0}, "missing_lines": [30], "excluded_lines": []}, "_get_int": {"executed_lines": [34, 35, 36], "summary": {"covered_lines": 3, "num_statements": 5, "percent_covered": 60.0, "percent_covered_display": "60", "missing_lines": 2, "excluded_lines": 0}, "missing_lines": [37, 38], "excluded_lines": []}, "": {"executed_lines": [1, 15, 17, 19, 20, 22, 26, 33, 41, 56], "summary": {"covered_lines": 9, "num_statements": 9, "percent_covered": 100.0, "percent_covered_display": "100", "missing_lines": 0, "excluded_lines": 0}, "missing_lines": [], "excluded_lines": []}}, "classes": {"": {"executed_lines": [1, 15, 17, 19, 20, 22, 26, 27, 28, 29, 33, 34, 35, 36, 41, 56], "summary": {"covered_lines": 15, "num_statements": 18, "percent_covered": 83.33333333333333, "percent_covered_display": "83", "missing_lines": 3, "excluded_lines": 0}, "missing_lines": [30, 37, 38], "excluded_lines": []}}}, "backend\\config.py": {"executed_lines": [1, 11, 13, 15, 16, 21, 22, 25, 26, 51, 55, 56, 57, 58, 59, 61, 69, 71], "summary": {"covered_lines": 17, "num_statements": 20, "percent_covered": 85.0, "percent_covered_display": "85", "missing_lines": 3, "excluded_lines": 2}, "missing_lines": [28, 30, 31], "excluded_lines": [17, 18], "functions": {"_ns": {"executed_lines": [22], "summary": {"covered_lines": 1, "num_statements": 1, "percent_covered": 100.0, "percent_covered_display": "100", "missing_lines": 0, "excluded_lines": 0}, "missing_lines": [], "excluded_lines": []}, "_build_config": {"executed_lines": [26, 51, 55, 56, 57, 58, 59, 61], "summary": {"covered_lines": 8, "num_statements": 11, "percent_covered": 72.72727272727273, "percent_covered_display": "73", "missing_lines": 3, "excluded_lines": 0}, "missing_lines": [28, 30, 31], "excluded_lines": []}, "": {"executed_lines": [1, 11, 13, 15, 16, 21, 25, 69, 71], "summary": {"covered_lines": 8, "num_statements": 8, "percent_covered": 100.0, "percent_covered_display": "100", "missing_lines": 0, "excluded_lines": 2}, "missing_lines": [], "excluded_lines": [17, 18]}}, "classes": {"": {"executed_lines": [1, 11, 13, 15, 16, 21, 22, 25, 26, 51, 55, 56, 57, 58, 59, 61, 69, 71], "summary": {"covered_lines": 17, "num_statements": 20, "percent_covered": 85.0, "percent_covered_display": "85", "missing_lines": 3, "excluded_lines": 2}, "missing_lines": [28, 30, 31], "excluded_lines": [17, 18]}}}, "backend\\database\\__init__.py": {"executed_lines": [1, 14, 15, 16, 18, 19, 20, 23, 24, 26, 27, 28, 29, 30, 31, 32, 33, 37, 40, 44, 55, 60, 61, 64, 66, 67, 68, 71, 73, 79, 80, 118, 121, 124, 133], "summary": {"covered_lines": 34, "num_statements": 64, "percent_covered": 53.125, "percent_covered_display": "53", "missing_lines": 30, "excluded_lines": 0}, "missing_lines": [34, 35, 45, 47, 48, 49, 50, 51, 52, 56, 58, 74, 75, 76, 92, 102, 103, 104, 105, 106, 107, 110, 111, 112, 113, 115, 126, 127, 128, 130], "excluded_lines": [], "functions": {"_sanitize_url": {"executed_lines": [], "summary": {"covered_lines": 0, "num_statements": 7, "percent_covered": 0.0, "percent_covered_display": "0", "missing_lines": 7, "excluded_lines": 0}, "missing_lines": [45, 47, 48, 49, 50, 51, 52], "excluded_lines": []}, "get_db": {"executed_lines": [], "summary": {"covered_lines": 0, "num_statements": 4, "percent_covered": 0.0, "percent_covered_display": "0", "missing_lines": 4, "excluded_lines": 0}, "missing_lines": [126, 127, 128, 130], "excluded_lines": []}, "": {"executed_lines": [1, 14, 15, 16, 18, 19, 20, 23, 24, 26, 27, 28, 29, 30, 31, 32, 33, 37, 40, 44, 55, 60, 61, 64, 66, 67, 68, 71, 73, 79, 80, 118, 121, 124, 133], "summary": {"covered_lines": 34, "num_statements": 53, "percent_covered": 64.15094339622641, "percent_covered_display": "64", "missing_lines": 19, "excluded_lines": 0}, "missing_lines": [34, 35, 56, 58, 74, 75, 76, 92, 102, 103, 104, 105, 106, 107, 110, 111, 112, 113, 115], "excluded_lines": []}}, "classes": {"": {"executed_lines": [1, 14, 15, 16, 18, 19, 20, 23, 24, 26, 27, 28, 29, 30, 31, 32, 33, 37, 40, 44, 55, 60, 61, 64, 66, 67, 68, 71, 73, 79, 80, 118, 121, 124, 133], "summary": {"covered_lines": 34, "num_statements": 64, "percent_covered": 53.125, "percent_covered_display": "53", "missing_lines": 30, "excluded_lines": 0}, "missing_lines": [34, 35, 45, 47, 48, 49, 50, 51, 52, 56, 58, 74, 75, 76, 92, 102, 103, 104, 105, 106, 107, 110, 111, 112, 113, 115, 126, 127, 128, 130], "excluded_lines": []}}}, "backend\\models\\backfill_progress.py": {"executed_lines": [1, 2, 4, 7, 8, 9, 10, 11, 12, 13, 17], "summary": {"covered_lines": 11, "num_statements": 11, "percent_covered": 100.0, "percent_covered_display": "100", "missing_lines": 0, "excluded_lines": 0}, "missing_lines": [], "excluded_lines": [], "functions": {"": {"executed_lines": [1, 2, 4, 7, 8, 9, 10, 11, 12, 13, 17], "summary": {"covered_lines": 11, "num_statements": 11, "percent_covered": 100.0, "percent_covered_display": "100", "missing_lines": 0, "excluded_lines": 0}, "missing_lines": [], "excluded_lines": []}}, "classes": {"BackfillProgress": {"executed_lines": [], "summary": {"covered_lines": 0, "num_statements": 0, "percent_covered": 100.0, "percent_covered_display": "100", "missing_lines": 0, "excluded_lines": 0}, "missing_lines": [], "excluded_lines": []}, "": {"executed_lines": [1, 2, 4, 7, 8, 9, 10, 11, 12, 13, 17], "summary": {"covered_lines": 11, "num_statements": 11, "percent_covered": 100.0, "percent_covered_display": "100", "missing_lines": 0, "excluded_lines": 0}, "missing_lines": [], "excluded_lines": []}}}, "backend\\models\\bybit_kline_audit.py": {"executed_lines": [1, 3, 4, 6, 9, 10, 11, 12, 13, 14, 15, 16, 17, 18, 19, 20, 21, 22, 24, 26], "summary": {"covered_lines": 20, "num_statements": 21, "percent_covered": 95.23809523809524, "percent_covered_display": "95", "missing_lines": 1, "excluded_lines": 0}, "missing_lines": [27], "excluded_lines": [], "functions": {"BybitKlineAudit.set_raw": {"executed_lines": [], "summary": {"covered_lines": 0, "num_statements": 1, "percent_covered": 0.0, "percent_covered_display": "0", "missing_lines": 1, "excluded_lines": 0}, "missing_lines": [27], "excluded_lines": []}, "": {"executed_lines": [1, 3, 4, 6, 9, 10, 11, 12, 13, 14, 15, 16, 17, 18, 19, 20, 21, 22, 24, 26], "summary": {"covered_lines": 20, "num_statements": 20, "percent_covered": 100.0, "percent_covered_display": "100", "missing_lines": 0, "excluded_lines": 0}, "missing_lines": [], "excluded_lines": []}}, "classes": {"BybitKlineAudit": {"executed_lines": [], "summary": {"covered_lines": 0, "num_statements": 1, "percent_covered": 0.0, "percent_covered_display": "0", "missing_lines": 1, "excluded_lines": 0}, "missing_lines": [27], "excluded_lines": []}, "": {"executed_lines": [1, 3, 4, 6, 9, 10, 11, 12, 13, 14, 15, 16, 17, 18, 19, 20, 21, 22, 24, 26], "summary": {"covered_lines": 20, "num_statements": 20, "percent_covered": 100.0, "percent_covered_display": "100", "missing_lines": 0, "excluded_lines": 0}, "missing_lines": [], "excluded_lines": []}}}, "backend\\services\\adapters\\bybit.py": {"executed_lines": [1, 10, 11, 12, 13, 14, 15, 17, 19, 21, 24, 25, 26, 28, 31, 32, 35, 36, 37, 38, 45, 47, 48, 50, 52, 54, 194, 197, 198, 200, 201, 202, 203, 204, 210, 211, 212, 216, 217, 218, 222, 223, 224, 225, 226, 227, 228, 229, 230, 231, 233, 234, 239, 240, 241, 242, 244, 251, 252, 253, 255, 256, 257, 264, 265, 269, 270, 271, 272, 273, 274, 276, 277, 280, 281, 282, 283, 284, 285, 286, 287, 288, 289, 290, 292, 294, 306, 308, 309, 312, 313, 318, 319, 320, 321, 323, 324, 326, 327, 333, 334, 335, 336, 339, 358, 362, 364, 365, 366, 369, 370, 372, 373, 377, 379, 380, 388, 389, 394, 395, 396, 397, 398, 401, 402, 403, 404, 414, 415, 416, 422, 423, 424, 425, 426, 427, 434, 435, 442, 443, 446, 448, 450, 451, 482, 483, 501, 502, 503, 506, 507, 508, 559, 560, 561, 567, 568, 569, 575, 576, 577, 578, 579, 580, 581, 586, 591, 595, 646, 655, 657, 658, 660, 661, 662, 663, 666, 667, 668, 669, 670, 671, 673, 676, 677, 678, 683, 684, 685], "summary": {"covered_lines": 188, "num_statements": 403, "percent_covered": 46.650124069478906, "percent_covered_display": "47", "missing_lines": 215, "excluded_lines": 0}, "missing_lines": [23, 40, 41, 42, 43, 61, 62, 63, 64, 65, 66, 67, 68, 69, 70, 72, 73, 75, 77, 78, 79, 81, 82, 83, 84, 85, 86, 89, 90, 92, 93, 95, 96, 97, 103, 104, 105, 106, 107, 108, 109, 110, 111, 113, 115, 116, 119, 121, 122, 123, 124, 125, 126, 127, 129, 134, 135, 136, 140, 143, 144, 145, 146, 147, 148, 149, 150, 151, 152, 153, 154, 155, 156, 157, 158, 159, 160, 161, 162, 163, 166, 167, 168, 171, 172, 173, 174, 175, 176, 177, 178, 179, 180, 181, 182, 183, 184, 185, 186, 189, 190, 191, 192, 205, 206, 207, 213, 214, 219, 220, 254, 258, 259, 260, 261, 262, 263, 314, 315, 322, 328, 329, 337, 359, 374, 375, 399, 400, 405, 407, 408, 410, 417, 418, 428, 429, 430, 431, 452, 470, 471, 472, 475, 476, 477, 478, 480, 481, 509, 510, 511, 514, 515, 523, 525, 526, 527, 528, 529, 530, 531, 532, 533, 534, 545, 546, 547, 548, 549, 550, 551, 553, 554, 555, 556, 557, 562, 564, 592, 593, 602, 603, 604, 605, 607, 608, 609, 610, 611, 612, 613, 614, 615, 616, 617, 619, 621, 622, 626, 627, 628, 629, 637, 638, 639, 640, 643, 644, 656, 664, 672, 679, 680, 686, 687], "excluded_lines": [], "functions": {"BybitAdapter.__init__": {"executed_lines": [35, 36, 37, 38, 45, 47, 48, 50, 52], "summary": {"covered_lines": 9, "num_statements": 13, "percent_covered": 69.23076923076923, "percent_covered_display": "69", "missing_lines": 4, "excluded_lines": 0}, "missing_lines": [40, 41, 42, 43], "excluded_lines": []}, "BybitAdapter.get_klines": {"executed_lines": [], "summary": {"covered_lines": 0, "num_statements": 87, "percent_covered": 0.0, "percent_covered_display": "0", "missing_lines": 87, "excluded_lines": 0}, "missing_lines": [61, 75, 77, 78, 79, 81, 82, 83, 84, 85, 86, 89, 90, 92, 93, 95, 96, 97, 103, 104, 105, 106, 107, 108, 109, 110, 111, 113, 115, 116, 119, 121, 122, 123, 124, 125, 126, 127, 129, 134, 135, 136, 140, 143, 144, 145, 146, 147, 148, 149, 150, 151, 152, 153, 154, 155, 156, 157, 158, 159, 160, 161, 162, 163, 166, 167, 168, 171, 172, 173, 174, 175, 176, 177, 178, 179, 180, 181, 182, 183, 184, 185, 186, 189, 190, 191, 192], "excluded_lines": []}, "BybitAdapter.get_klines._to_v5_interval": {"executed_lines": [], "summary": {"covered_lines": 0, "num_statements": 11, "percent_covered": 0.0, "percent_covered_display": "0", "missing_lines": 11, "excluded_lines": 0}, "missing_
[...]
tements": 5, "percent_covered": 80.0, "percent_covered_display": "80", "missing_lines": 1, "excluded_lines": 0}, "missing_lines": [110], "excluded_lines": []}, "CandleCache.refresh": {"executed_lines": [], "summary": {"covered_lines": 0, "num_statements": 1, "percent_covered": 0.0, "percent_covered_display": "0", "missing_lines": 1, "excluded_lines": 0}, "missing_lines": [115], "excluded_lines": []}, "CandleCache.reset": {"executed_lines": [], "summary": {"covered_lines": 0, "num_statements": 15, "percent_covered": 0.0, "percent_covered_display": "0", "missing_lines": 15, "excluded_lines": 0}, "missing_lines": [123, 124, 125, 126, 127, 128, 129, 130, 131, 132, 133, 134, 135, 136, 137], "excluded_lines": []}, "CandleCache.upsert_closed": {"executed_lines": [], "summary": {"covered_lines": 0, "num_statements": 11, "percent_covered": 0.0, "percent_covered_display": "0", "missing_lines": 11, "excluded_lines": 0}, "missing_lines": [144, 145, 146, 147, 148, 149, 151, 152, 153, 154, 155], "excluded_lines": []}, "": {"executed_lines": [1, 3, 22, 23, 25, 28, 32, 36, 37, 38, 40, 47, 50, 65, 104, 113, 117, 139, 159], "summary": {"covered_lines": 19, "num_statements": 19, "percent_covered": 100.0, "percent_covered_display": "100", "missing_lines": 0, "excluded_lines": 0}, "missing_lines": [], "excluded_lines": []}}, "classes": {"CandleCache": {"executed_lines": [41, 43, 45, 48, 107, 108, 109, 111], "summary": {"covered_lines": 8, "num_statements": 58, "percent_covered": 13.793103448275861, "percent_covered_display": "14", "missing_lines": 50, "excluded_lines": 0}, "missing_lines": [52, 53, 54, 55, 56, 57, 58, 59, 60, 62, 63, 72, 73, 74, 75, 76, 83, 84, 97, 98, 99, 102, 110, 115, 123, 124, 125, 126, 127, 128, 129, 130, 131, 132, 133, 134, 135, 136, 137, 144, 145, 146, 147, 148, 149, 151, 152, 153, 154, 155], "excluded_lines": []}, "": {"executed_lines": [1, 3, 22, 23, 25, 28, 32, 36, 37, 38, 40, 47, 50, 65, 104, 113, 117, 139, 159], "summary": {"covered_lines": 19, "num_statements": 21, "percent_covered": 90.47619047619048, "percent_covered_display": "90", "missing_lines": 2, "excluded_lines": 0}, "missing_lines": [29, 33], "excluded_lines": []}}}, "backend\\services\\mtf_manager.py": {"executed_lines": [1, 3, 13, 14, 15, 17, 20, 21, 22, 24, 26, 27, 33, 40, 41, 42, 43, 44, 45, 46, 48, 49, 50, 51, 53, 54, 55, 58, 64, 66, 67, 68, 69, 70, 71, 72, 74, 75, 77, 78, 88, 89, 90, 91, 92, 93, 94, 97, 98, 99, 100, 101, 104, 105, 111, 114, 115, 116, 118, 119, 120, 122, 123, 124, 125, 126, 127, 128, 129, 130, 131, 132, 133, 135, 142, 143, 144, 145, 147, 148, 149, 150, 151, 152, 153, 157], "summary": {"covered_lines": 85, "num_statements": 90, "percent_covered": 94.44444444444444, "percent_covered_display": "94", "missing_lines": 5, "excluded_lines": 0}, "missing_lines": [23, 25, 28, 30, 65], "excluded_lines": [], "functions": {"interval_to_minutes": {"executed_lines": [21, 22, 24, 26, 27], "summary": {"covered_lines": 5, "num_statements": 9, "percent_covered": 55.55555555555556, "percent_covered_display": "56", "missing_lines": 4, "excluded_lines": 0}, "missing_lines": [23, 25, 28, 30], "excluded_lines": []}, "window_start_seconds": {"executed_lines": [40, 41, 42, 43, 44, 45, 46, 48, 49, 50, 51, 53, 54, 55], "summary": {"covered_lines": 14, "num_statements": 14, "percent_covered": 100.0, "percent_covered_display": "100", "missing_lines": 0, "excluded_lines": 0}, "missing_lines": [], "excluded_lines": []}, "aggregate_from_base": {"executed_lines": [64, 66, 67, 68, 69, 70, 71, 72, 74, 75, 77, 78, 88, 89, 90, 91, 92, 93, 94], "summary": {"covered_lines": 19, "num_statements": 20, "percent_covered": 95.0, "percent_covered_display": "95", "missing_lines": 1, "excluded_lines": 0}, "missing_lines": [65], "excluded_lines": []}, "MTFManager.get_working_sets": {"executed_lines": [114, 115, 116, 118, 119, 120, 122, 123, 124, 125, 126, 127, 128, 129, 130, 131, 132, 133], "summary": {"covered_lines": 18, "num_statements": 18, "percent_covered": 100.0, "percent_covered_display": "100", "missing_lines": 0, "excluded_lines": 0}, "missing_lines": [], "excluded_lines": []}, "MTFManager.get_aligned": {"executed_lines": [142, 143, 144, 145, 147, 148, 149, 150, 151, 152, 153], "summary": {"covered_lines": 11, "num_statements": 11, "percent_covered": 100.0, "percent_covered_display": "100", "missing_lines": 0, "excluded_lines": 0}, "missing_lines": [], "excluded_lines": []}, "": {"executed_lines": [1, 3, 13, 14, 15, 17, 20, 33, 58, 97, 98, 99, 100, 101, 104, 105, 111, 135, 157], "summary": {"covered_lines": 18, "num_statements": 18, "percent_covered": 100.0, "percent_covered_display": "100", "missing_lines": 0, "excluded_lines": 0}, "missing_lines": [], "excluded_lines": []}}, "classes": {"MTFResult": {"executed_lines": [], "summary": {"covered_lines": 0, "num_statements": 0, "percent_covered": 100.0, "percent_covered_display": "100", "missing_lines": 0, "excluded_lines": 0}, "missing_lines": [], "excluded_lines": []}, "MTFManager": {"executed_lines": [114, 115, 116, 118, 119, 120, 122, 123, 124, 125, 126, 127, 128, 129, 130, 131, 132, 133, 142, 143, 144, 145, 147, 148, 149, 150, 151, 152, 153], "summary": {"covered_lines": 29, "num_statements": 29, "percent_covered": 100.0, "percent_covered_display": "100", "missing_lines": 0, "excluded_lines": 0}, "missing_lines": [], "excluded_lines": []}, "": {"executed_lines": [1, 3, 13, 14, 15, 17, 20, 21, 22, 24, 26, 27, 33, 40, 41, 42, 43, 44, 45, 46, 48, 49, 50, 51, 53, 54, 55, 58, 64, 66, 67, 68, 69, 70, 71, 72, 74, 75, 77, 78, 88, 89, 90, 91, 92, 93, 94, 97, 98, 99, 100, 101, 104, 105, 111, 135, 157], "summary": {"covered_lines": 56, "num_statements": 61, "percent_covered": 91.80327868852459, "percent_covered_display": "92", "missing_lines": 5, "excluded_lines": 0}, "missing_lines": [23, 25, 28, 30, 65], "excluded_lines": []}}}, "backend\\settings.py": {"executed_lines": [1, 9, 11, 13, 14, 15, 24, 26, 27, 28, 30, 31, 32, 33, 34, 35, 36, 38, 39, 40, 41, 42, 43, 44, 46, 47, 48, 50, 51, 52, 54, 55, 56, 57, 58, 59, 60, 61, 62, 64, 65, 66, 67, 69, 70, 71, 72, 73, 74, 76, 136], "summary": {"covered_lines": 50, "num_statements": 96, "percent_covered": 52.083333333333336, "percent_covered_display": "52", "missing_lines": 46, "excluded_lines": 5}, "missing_lines": [79, 80, 81, 82, 83, 84, 85, 86, 87, 88, 89, 90, 91, 93, 94, 95, 96, 97, 98, 99, 103, 104, 105, 107, 108, 109, 111, 112, 113, 114, 115, 116, 117, 118, 119, 122, 123, 124, 125, 127, 128, 129, 130, 131, 132, 134], "excluded_lines": [16, 17, 18, 20, 21], "functions": {"WSSettings.symbols_list": {"executed_lines": [48], "summary": {"covered_lines": 1, "num_statements": 1, "percent_covered": 100.0, "percent_covered_display": "100", "missing_lines": 0, "excluded_lines": 0}, "missing_lines": [], "excluded_lines": []}, "WSSettings.intervals_list": {"executed_lines": [52], "summary": {"covered_lines": 1, "num_statements": 1, "percent_covered": 100.0, "percent_covered_display": "100", "missing_lines": 0, "excluded_lines": 0}, "missing_lines": [], "excluded_lines": []}, "": {"executed_lines": [1, 9, 11, 13, 14, 15, 24, 26, 27, 28, 30, 31, 32, 33, 34, 35, 36, 38, 39, 40, 41, 42, 43, 44, 46, 47, 50, 51, 54, 55, 56, 57, 58, 59, 60, 61, 62, 64, 65, 66, 67, 69, 70, 71, 72, 73, 74, 76, 136], "summary": {"covered_lines": 48, "num_statements": 94, "percent_covered": 51.06382978723404, "percent_covered_display": "51", "missing_lines": 46, "excluded_lines": 5}, "missing_lines": [79, 80, 81, 82, 83, 84, 85, 86, 87, 88, 89, 90, 91, 93, 94, 95, 96, 97, 98, 99, 103, 104, 105, 107, 108, 109, 111, 112, 113, 114, 115, 116, 117, 118, 119, 122, 123, 124, 125, 127, 128, 129, 130, 131, 132, 134], "excluded_lines": [16, 17, 18, 20, 21]}}, "classes": {"DatabaseSettings": {"executed_lines": [], "summary": {"covered_lines": 0, "num_statements": 0, "percent_covered": 100.0, "percent_covered_display": "100", "missing_lines": 0, "excluded_lines": 0}, "missing_lines": [], "excluded_lines": []}, "RedisSettings": {"executed_lines": [], "summary": {"covered_lines": 0, "num_statements": 0, "percent_covered": 100.0, "percent_covered_display": "100", "missing_lines": 0, "excluded_lines": 0}, "missing_lines": [], "excluded_lines": []}, "WSSettings": {"executed_lines": [48, 52], "summary": {"covered_lines": 2, "num_statements": 2, "percent_covered": 100.0, "percent_covered_display": "100", "missing_lines": 0, "excluded_lines": 0}, "missing_lines": [], "excluded_lines": []}, "CelerySettings": {"executed_lines": [], "summary": {"covered_lines": 0, "num_statements": 0, "percent_covered": 100.0, "percent_covered_display": "100", "missing_lines": 0, "excluded_lines": 0}, "missing_lines": [], "excluded_lines": []}, "AppSettings": {"executed_lines": [], "summary": {"covered_lines": 0, "num_statements": 0, "percent_covered": 100.0, "percent_covered_display": "100", "missing_lines": 0, "excluded_lines": 0}, "missing_lines": [], "excluded_lines": []}, "": {"executed_lines": [1, 9, 11, 13, 14, 15, 24, 26, 27, 28, 30, 31, 32, 33, 34, 35, 36, 38, 39, 40, 41, 42, 43, 44, 46, 47, 50, 51, 54, 55, 56, 57, 58, 59, 60, 61, 62, 64, 65, 66, 67, 69, 70, 71, 72, 73, 74, 76, 136], "summary": {"covered_lines": 48, "num_statements": 94, "percent_covered": 51.06382978723404, "percent_covered_display": "51", "missing_lines": 46, "excluded_lines": 5}, "missing_lines": [79, 80, 81, 82, 83, 84, 85, 86, 87, 88, 89, 90, 91, 93, 94, 95, 96, 97, 98, 99, 103, 104, 105, 107, 108, 109, 111, 112, 113, 114, 115, 116, 117, 118, 119, 122, 123, 124, 125, 127, 128, 129, 130, 131, 132, 134], "excluded_lines": [16, 17, 18, 20, 21]}}}, "backend\\tasks\\backtest_tasks.py": {"executed_lines": [1, 7, 8, 9, 11, 12, 14, 15, 16, 17, 20, 21, 23, 24, 25, 26, 33, 34, 36, 52, 56, 63, 78, 79, 80, 81, 82, 83, 85, 86, 88, 89, 90, 93, 97, 98, 99, 100, 102, 105, 108, 109, 110, 117, 118, 126, 128, 129, 133, 134, 136, 138, 139, 146, 148, 149, 164, 165, 166, 167, 168, 169, 172, 174, 175, 176, 177, 187, 188, 189, 192, 193, 194, 197, 198, 199, 200, 201, 203, 204, 205, 206, 209, 212, 213, 214, 220, 221], "summary": {"covered_lines": 80, "num_statements": 119, "percent_covered": 67.22689075630252, "percent_covered_display": "67", "missing_lines": 39, "excluded_lines": 8}, "missing_lines": [37, 38, 39, 40, 41, 42, 43, 44, 45, 46, 47, 48, 49, 50, 53, 91, 94, 95, 103, 106, 112, 113, 123, 124, 170, 171, 183, 184, 190, 191, 195, 196, 215, 217, 223, 224, 226, 227, 229], "excluded_lines": [20, 21, 23, 24, 25, 26, 29, 30], "functions": {"BacktestTask.on_failure": {"executed_lines": [], "summary": {"covered_lines": 0, "num_statements": 14, "percent_covered": 0.0, "percent_covered_display": "0", "missing_lines": 14, "excluded_lines": 0}, "missing_lines": [37, 38, 39, 40, 41, 42, 43, 44, 45, 46, 47, 48, 49, 50], "excluded_lines": []}, "BacktestTask.on_success": {"executed_lines": [], "summary": {"covered_lines": 0, "num_statements": 1, "percent_covered": 0.0, "percent_covered_display": "0", "missing_lines": 1, "excluded_lines": 0}, "missing_lines": [53], "excluded_lines": []}, "run_backtest_task": {"executed_lines": [78, 79, 80, 81, 82, 83, 85, 86, 88, 89, 90, 93, 97, 98, 99, 100, 102, 105, 108, 109, 110, 117, 118, 126, 128, 129, 133, 134, 136, 138, 139, 146, 148, 149, 164, 165, 166, 167, 168, 169, 172, 174, 175, 176, 177, 187, 188, 189, 192, 193, 194, 197, 198, 199, 200, 201, 203, 204, 205, 206, 209, 212, 213, 214], "summary": {"covered_lines": 64, "num_statements": 83, "percent_covered": 77.10843373493977, "percent_covered_display": "77", "missing_lines": 19, "excluded_lines": 0}, "missing_lines": [91, 94, 95, 103, 106, 112, 113, 123, 124, 170, 171, 183, 184, 190, 191, 195, 196, 215, 217], "excluded_lines": []}, "bulk_backtest_task": {"executed_lines": [], "summary": {"covered_lines": 0, "num_statements": 5, "percent_covered": 0.0, "percent_covered_display": "0", "missing_lines": 5, "excluded_lines": 0}, "missing_lines": [223, 224, 226, 227, 229], "excluded_lines": []}, "": {"executed_lines": [1, 7, 8, 9, 11, 12, 14, 15, 16, 17, 20, 21, 23, 24, 25, 26, 33, 34, 36, 52, 56, 63, 220, 221], "summary": {"covered_lines": 16, "num_statements": 16, "percent_covered": 100.0, "percent_covered_display": "100", "missing_lines": 0, "excluded_lines": 8}, "missing_lines": [], "excluded_lines": [20, 21, 23, 24, 25, 26, 29, 30]}}, "classes": {"BacktestTask": {"executed_lines": [], "summary": {"covered_lines": 0, "num_statements": 15, "percent_covered": 0.0, "percent_covered_display": "0", "missing_lines": 15, "excluded_lines": 0}, "missing_lines": [37, 38, 39, 40, 41, 42, 43, 44, 45, 46, 47, 48, 49, 50, 53], "excluded_lines": []}, "": {"executed_lines": [1, 7, 8, 9, 11, 12, 14, 15, 16, 17, 20, 21, 23, 24, 25, 26, 33, 34, 36, 52, 56, 63, 78, 79, 80, 81, 82, 83, 85, 86, 88, 89, 90, 93, 97, 98, 99, 100, 102, 105, 108, 109, 110, 117, 118, 126, 128, 129, 133, 134, 136, 138, 139, 146, 148, 149, 164, 165, 166, 167, 168, 169, 172, 174, 175, 176, 177, 187, 188, 189, 192, 193, 194, 197, 198, 199, 200, 201, 203, 204, 205, 206, 209, 212, 213, 214, 220, 221], "summary": {"covered_lines": 80, "num_statements": 104, "percent_covered": 76.92307692307692, "percent_covered_display": "77", "missing_lines": 24, "excluded_lines": 8}, "missing_lines": [91, 94, 95, 103, 106, 112, 113, 123, 124, 170, 171, 183, 184, 190, 191, 195, 196, 215, 217, 223, 224, 226, 227, 229], "excluded_lines": [20, 21, 23, 24, 25, 26, 29, 30]}}}, "backend\\tasks\\optimize_tasks.py": {"executed_lines": [1, 7, 8, 9, 11, 12, 14, 15, 16, 17, 20, 21, 23, 41, 46, 51, 53, 54, 56, 57, 68, 71, 98, 99, 101, 102, 104, 106, 107, 110, 115, 116, 117, 118, 119, 125, 128, 131, 133, 134, 135, 143, 148, 149, 150, 152, 153, 156, 159, 160, 161, 162, 164, 168, 170, 171, 172, 175, 176, 177, 179, 194, 195, 196, 197, 200, 201, 204, 219, 222, 224, 244, 245, 246, 248, 275, 278, 279, 315, 316, 318, 319, 321, 322, 323, 324, 326, 328, 337, 338, 339, 340, 346, 348, 351, 360, 369, 370, 373, 384, 385, 386, 387, 388, 389, 393, 396, 398, 400, 409, 410, 430, 439, 444, 474, 477, 517, 518, 520, 521, 523, 524, 525, 527, 529, 538, 539, 540, 541, 547, 549, 552, 561, 570, 573, 584, 585, 586, 587, 588, 589, 590, 591, 592, 593, 596, 598, 600, 611, 612, 613, 619, 628, 634, 653, 654, 669], "summary": {"covered_lines": 155, "num_statements": 219, "percent_covered": 70.77625570776256, "percent_covered_display": "71", "missing_lines": 64, "excluded_lines": 0}, "missing_lines": [25, 27, 28, 29, 30, 31, 32, 33, 34, 35, 36, 37, 38, 39, 43, 52, 58, 59, 61, 62, 63, 64, 65, 108, 126, 137, 138, 139, 140, 141, 144, 145, 214, 215, 216, 256, 257, 259, 260, 266, 267, 269, 270, 272, 347, 390, 391, 392, 394, 395, 462, 463, 464, 471, 548, 594, 595, 614, 615, 616, 671, 672, 673, 680], "excluded_lines": [], "functions": {"OptimizationTask.on_failure": {"executed_lines": [], "summary": {"covered_lines": 0, "num_statements": 14, "percent_covered": 0.0, "percent_covered_display": "0", "missing_lines": 14, "excluded_lines": 0}, "missing_lines": [25, 27, 28, 29, 30, 31, 32, 33, 34, 35, 36, 37, 38, 39], "excluded_lines": []}, "OptimizationTask.on_success": {"executed_lines": [], "summary": {"covered_lines": 0, "num_statements": 1, "percent_covered": 0.0, "percent_covered_display": "0", "missing_lines": 1, "excluded_lines": 0}, "missing_lines": [43], "excluded_lines": []}, "_parse_dt": {"executed_lines": [51, 53, 54, 56, 57], "summary": {"covered_lines": 5, "num_statements": 13, "percent_covered": 38.46153846153846, "percent_covered_display": "38", "missing_lines": 8, "excluded_lines": 0}, "missing_lines": [52, 58, 59, 61, 62, 63, 64, 65], "excluded_lines": []}, "grid_search_task": {"executed_lines": [98, 99, 101, 102, 104, 106, 107, 110, 115, 116, 117, 118, 119, 125, 128, 131, 133, 143, 148, 149, 150, 152, 153, 156, 159, 160, 161, 162, 164, 168, 170, 171, 172, 175, 176, 177, 179, 194, 195, 196, 197, 200, 201, 204, 219, 222, 224, 244, 245, 246, 248, 275], "summary": {"covered_lines": 52, "num_statements": 68, "percent_covered": 76.47058823529412, "percent_covered_display": "76", "missing_lines": 16, "excluded_lines": 0}, "missing_lines": [108, 126, 144, 145, 214, 215, 216, 256, 257, 259, 260, 266, 267, 269, 270, 272], "excluded_lines": []}, "grid_search_task._to_row": {"executed_lines": [134, 135], "summary": {"covered_lines": 2, "num_statements": 7, "percent_covered": 28.571428571428573, "percent_covered_display": "29", "missing_lines": 5, "excluded_lines": 0}, "missing_lines": [137, 138, 139, 140, 141], "excluded_lines": []}, "walk_forward_task": {"executed_lines": [315, 316, 318, 319, 321, 322, 323, 324, 326, 328, 337, 338, 339, 340, 346, 348, 351, 360, 369, 370, 373, 384, 398, 400, 409, 410, 430, 439, 444], "summary": {"covered_lines": 29, "num_statements": 34, "percent_covered": 85.29411764705883, "percent_covered_display": "85", "missing_lines": 5, "excluded_lines": 0}, "missing_lines": [347, 462, 463, 464, 471], "excluded_lines": []}, "walk_forward_task._get_loop": {"executed_lines": [385, 386, 387, 388, 389, 393, 396], "summary": {"covered_lines": 7, "num_statements": 12, "percent_covered": 58.333333333333336, "percent_covered_display": "58", "missing_lines": 5, "excluded_lines": 0}, "missing_lines": [390, 391, 392, 394, 395], "excluded_lines": []}, "bayesian_optimization_task": {"executed_lines": [517, 518, 520, 521, 523, 524, 525, 527, 529, 538, 539, 540, 541, 547, 549, 552, 561, 570, 573, 584, 598, 600, 611, 612, 613, 619, 628, 634, 653, 654, 669], "summary": {"covered_lines": 31, "num_statements": 39, "percent_covered": 79.48717948717949, "percent_covered_display": "79", "missing_lines": 8, "excluded_lines": 0}, "missing_lines": [548, 614, 615, 616, 671, 672, 673, 680], "excluded_lines": []}, "bayesian_optimization_task._get_loop": {"executed_lines": [585, 586, 587, 588, 589, 590, 591, 592, 593, 596], "summary": {"covered_lines": 10, "num_statements": 12, "percent_covered": 83.33333333333333, "percent_covered_display": "83", "missing_lines": 2, "excluded_lines": 0}, "missing_lines": [594, 595], "excluded_lines": []}, "": {"executed_lines": [1, 7, 8, 9, 11, 12, 14, 15, 16, 17, 20, 21, 23, 41, 46, 68, 71, 278, 279, 474, 477], "summary": {"covered_lines": 19, "num_statements": 19, "percent_covered": 100.0, "percent_covered_display": "100", "missing_lines": 0, "excluded_lines": 0}, "missing_lines": [], "excluded_lines": []}}, "classes": {"OptimizationTask": {"executed_lines": [], "summary": {"covered_lines": 0, "num_statements": 15, "percent_covered": 0.0, "percent_covered_display": "0", "missing_lines": 15, "excluded_lines": 0}, "missing_lines": [25, 27, 28, 29, 30, 31, 32, 33, 34, 35, 36, 37, 38, 39, 43], "excluded_lines": []}, "": {"executed_lines": [1, 7, 8, 9, 11, 12, 14, 15, 16, 17, 20, 21, 23, 41, 46, 51, 53, 54, 56, 57, 68, 71, 98, 99, 101, 102, 104, 106, 107, 110, 115, 116, 117, 118, 119, 125, 128, 131, 133, 134, 135, 143, 148, 149, 150, 152, 153, 156, 159, 160, 161, 162, 164, 168, 170, 171, 172, 175, 176, 177, 179, 194, 195, 196, 197, 200, 201, 204, 219, 222, 224, 244, 245, 246, 248, 275, 278, 279, 315, 316, 318, 319, 321, 322, 323, 324, 326, 328, 337, 338, 339, 340, 346, 348, 351, 360, 369, 370, 373, 384, 385, 386, 387, 388, 389, 393, 396, 398, 400, 409, 410, 430, 439, 444, 474, 477, 517, 518, 520, 521, 523, 524, 525, 527, 529, 538, 539, 540, 541, 547, 549, 552, 561, 570, 573, 584, 585, 586, 587, 588, 589, 590, 591, 592, 593, 596, 598, 600, 611, 612, 613, 619, 628, 634, 653, 654, 669], "summary": {"covered_lines": 155, "num_statements": 204, "percent_covered": 75.98039215686275, "percent_covered_display": "76", "missing_lines": 49, "excluded_lines": 0}, "missing_lines": [52, 58, 59, 61, 62, 63, 64, 65, 108, 126, 137, 138, 139, 140, 141, 144, 145, 214, 215, 216, 256, 257, 259, 260, 266, 267, 269, 270, 272, 347, 390, 391, 392, 394, 395, 462, 463, 464, 471, 548, 594, 595, 614, 615, 616, 671, 672, 673, 680], "excluded_lines": []}}}}, "totals": {"covered_lines": 1632, "num_statements": 3104, "percent_covered": 52.577319587628864, "percent_covered_display": "53", "missing_lines": 1472, "excluded_lines": 36}}