python.exe : Traceback (most recent call last):
строка:1 знак:1
+ & D:\bybit_strategy_tester_v2\.venv\Scripts\python.exe -m pytest test ...
+ ~~~~~~~~~~~~~~~~~~~~~~~~~~~~~~~~~~~~~~~~~~~~~~~~~~~~~~~~~~~~~~~~~~~~~
    + CategoryInfo          : NotSpecified: (Traceback (most recent call last)::String) [], RemoteException
    + FullyQualifiedErrorId : NativeCommandError
 
  File "<frozen runpy>", line 198, in _run_module_as_main
  File "<frozen runpy>", line 88, in _run_code
  File "D:\bybit_strategy_tester_v2\.venv\Lib\site-packages\pytest\__main__.py", line 9, in <module>
    raise SystemExit(pytest.console_main())
                     ~~~~~~~~~~~~~~~~~~~^^
  File "D:\bybit_strategy_tester_v2\.venv\Lib\site-packages\_pytest\config\__init__.py", line 201, in console_main
    code = main()
  File "D:\bybit_strategy_tester_v2\.venv\Lib\site-packages\_pytest\config\__init__.py", line 175, in main
    ret: ExitCode | int = config.hook.pytest_cmdline_main(config=config)
                          ~~~~~~~~~~~~~~~~~~~~~~~~~~~~~~~^^^^^^^^^^^^^^^
  File "D:\bybit_strategy_tester_v2\.venv\Lib\site-packages\pluggy\_hooks.py", line 512, in __call__
    return self._hookexec(self.name, self._hookimpls.copy(), kwargs, firstresult)
           ~~~~~~~~~~~~~~^^^^^^^^^^^^^^^^^^^^^^^^^^^^^^^^^^^^^^^^^^^^^^^^^^^^^^^^
  File "D:\bybit_strategy_tester_v2\.venv\Lib\site-packages\pluggy\_manager.py", line 120, in _hookexec
    return self._inner_hookexec(hook_name, methods, kwargs, firstresult)
           ~~~~~~~~~~~~~~~~~~~~^^^^^^^^^^^^^^^^^^^^^^^^^^^^^^^^^^^^^^^^^
  File "D:\bybit_strategy_tester_v2\.venv\Lib\site-packages\pluggy\_callers.py", line 167, in _multicall
    raise exception
  File "D:\bybit_strategy_tester_v2\.venv\Lib\site-packages\pluggy\_callers.py", line 121, in _multicall
    res = hook_impl.function(*args)
  File "D:\bybit_strategy_tester_v2\.venv\Lib\site-packages\_pytest\main.py", line 336, in pytest_cmdline_main
    return wrap_session(config, _main)
  File "D:\bybit_strategy_tester_v2\.venv\Lib\site-packages\_pytest\main.py", line 331, in wrap_session
    config._ensure_unconfigure()
    ~~~~~~~~~~~~~~~~~~~~~~~~~~^^
  File "D:\bybit_strategy_tester_v2\.venv\Lib\site-packages\_pytest\config\__init__.py", line 1131, in _ensure_unconfigure
    self._cleanup_stack.close()
    ~~~~~~~~~~~~~~~~~~~~~~~~~^^
  File "C:\Users\roman\AppData\Local\Programs\Python\Python313\Lib\contextlib.py", line 627, in close
    self.__exit__(None, None, None)
    ~~~~~~~~~~~~~^^^^^^^^^^^^^^^^^^
  File "C:\Users\roman\AppData\Local\Programs\Python\Python313\Lib\contextlib.py", line 619, in __exit__
    raise exc
  File "C:\Users\roman\AppData\Local\Programs\Python\Python313\Lib\contextlib.py", line 604, in __exit__
    if cb(*exc_details):
       ~~^^^^^^^^^^^^^^
  File "C:\Users\roman\AppData\Local\Programs\Python\Python313\Lib\contextlib.py", line 482, in _exit_wrapper
    callback(*args, **kwds)
    ~~~~~~~~^^^^^^^^^^^^^^^
  File "D:\bybit_strategy_tester_v2\.venv\Lib\site-packages\_pytest\capture.py", line 778, in stop_global_capturing
    self._global_capturing.pop_outerr_to_orig()
    ~~~~~~~~~~~~~~~~~~~~~~~~~~~~~~~~~~~~~~~~~^^
  File "D:\bybit_strategy_tester_v2\.venv\Lib\site-packages\_pytest\capture.py", line 659, in pop_outerr_to_orig
    out, err = self.readouterr()
               ~~~~~~~~~~~~~~~^^
  File "D:\bybit_strategy_tester_v2\.venv\Lib\site-packages\_pytest\capture.py", line 706, in readouterr
    out = self.out.snap() if self.out else ""
          ~~~~~~~~~~~~~^^
  File "D:\bybit_strategy_tester_v2\.venv\Lib\site-packages\_pytest\capture.py", line 591, in snap
    self.tmpfile.seek(0)
    ~~~~~~~~~~~~~~~~~^^^
ValueError: I/O operation on closed file.
============================= test session starts =============================
platform win32 -- Python 3.13.3, pytest-8.4.2, pluggy-1.6.0
rootdir: D:\bybit_strategy_tester_v2
configfile: pytest.ini
plugins: anyio-4.11.0, asyncio-1.2.0, cov-7.0.0, timeout-2.4.0
asyncio: mode=Mode.AUTO, debug=False, asyncio_default_fixture_loop_scope=None, asyncio_default_test_loop_scope=function
collected 1036 items / 8 errors

======================= 10 warnings, 8 errors in 4.67s ========================
