============================= test session starts =============================
platform win32 -- Python 3.13.3, pytest-8.4.2, pluggy-1.6.0
rootdir: D:\bybit_strategy_tester_v2
configfile: pytest.ini
plugins: anyio-4.11.0, asyncio-1.2.0, cov-7.0.0, timeout-2.4.0
asyncio: mode=Mode.AUTO, debug=False, asyncio_default_fixture_loop_scope=None, asyncio_default_test_loop_scope=function
collected 25 items

tests\backend\tasks\test_backtest_tasks.py .................F

================================== FAILURES ===================================
D:\bybit_strategy_tester_v2\.venv\Lib\site-packages\celery\local.py:143: AttributeError: 'run_backtest_task' object has no attribute '__get__'. Did you mean: '__ge__'?
=========================== short test summary info ===========================
FAILED tests/backend/tasks/test_backtest_tasks.py::TestErrorHandlingAndRetries::test_run_backtest_with_retry
!!!!!!!!!!!!!!!!!!!!!!!!!! stopping after 1 failures !!!!!!!!!!!!!!!!!!!!!!!!!!
======================== 1 failed, 17 passed in 1.96s =========================
